#
# There is insufficient memory for the Java Runtime Environment to continue.
# Native memory allocation (malloc) failed to allocate 32744 bytes for Chunk::new
# Possible reasons:
#   The system is out of physical RAM or swap space
#   The process is running with CompressedOops enabled, and the Java Heap may be blocking the growth of the native heap
# Possible solutions:
#   Reduce memory load on the system
#   Increase physical memory or swap space
#   Check if swap backing store is full
#   Decrease Java heap size (-Xmx/-Xms)
#   Decrease number of Java threads
#   Decrease Java thread stack sizes (-Xss)
#   Set larger code cache with -XX:ReservedCodeCacheSize=
#   JVM is running with Unscaled Compressed Oops mode in which the Java heap is
#     placed in the first 4GB address space. The Java Heap base address is the
#     maximum limit for the native heap growth. Please use -XX:HeapBaseMinAddress
#     to set the Java Heap base and to place the Java Heap above 4GB virtual address.
# This output file may be truncated or incomplete.
#
#  Out of Memory Error (arena.cpp:184), pid=8892, tid=10396
#
# JRE version: Java(TM) SE Runtime Environment (20.0.1+9) (build 20.0.1+9-29)
# Java VM: Java HotSpot(TM) 64-Bit Server VM (20.0.1+9-29, mixed mode, tiered, compressed oops, compressed class ptrs, g1 gc, windows-amd64)
# No core dump will be written. Minidumps are not enabled by default on client versions of Windows
#

---------------  S U M M A R Y ------------

Command Line: -Dfile.encoding=UTF-8 main.Main

Host: 11th Gen Intel(R) Core(TM) i3-1115G4 @ 3.00GHz, 4 cores, 3G,  Windows 11 , 64 bit Build 22621 (10.0.22621.2070)
Time: Mon Sep  4 16:41:06 2023 Hora oficial do Brasil elapsed time: 0.209956 seconds (0d 0h 0m 0s)

---------------  T H R E A D  ---------------

Current thread (0x000001d19317b8e0):  JavaThread "C2 CompilerThread0" daemon [_thread_in_vm, id=10396, stack(0x0000001c2cf00000,0x0000001c2d000000)]

Stack: [0x0000001c2cf00000,0x0000001c2d000000]
Native frames: (J=compiled Java code, j=interpreted, Vv=VM code, C=native code)
V  [jvm.dll+0x6bb95a]
V  [jvm.dll+0x8485fa]
V  [jvm.dll+0x84a1f5]
V  [jvm.dll+0x84a8f3]
V  [jvm.dll+0x280b0f]
V  [jvm.dll+0xc2b11]
V  [jvm.dll+0xc2e35]
V  [jvm.dll+0x24be58]
V  [jvm.dll+0x249694]
V  [jvm.dll+0x714c09]
V  [jvm.dll+0x7147ff]
V  [jvm.dll+0x1ce6f6]
V  [jvm.dll+0x25903d]
V  [jvm.dll+0x2583b6]
V  [jvm.dll+0x3f2895]
V  [jvm.dll+0x7f4b56]
V  [jvm.dll+0x6ba5cb]
C  [ucrtbase.dll+0x29363]
C  [KERNEL32.DLL+0x126ad]
C  [ntdll.dll+0x5aa68]


---------------  P R O C E S S  ---------------

Threads class SMR info:
_java_thread_list=0x000001d1f616a6f0, length=9, elements={
0x000001d1e87789d0, 0x000001d1f616d610, 0x000001d1f616e360, 0x000001d19318f0e0,
0x000001d193174720, 0x000001d193176480, 0x000001d193199f40, 0x000001d19317b8e0,
0x000001d19317c5a0
}

Java Threads: ( => current thread )
  0x000001d1e87789d0 JavaThread "main" [_thread_in_vm, id=14660, stack(0x0000001c2c200000,0x0000001c2c300000)]
  0x000001d1f616d610 JavaThread "Reference Handler" daemon [_thread_blocked, id=8308, stack(0x0000001c2c900000,0x0000001c2ca00000)]
  0x000001d1f616e360 JavaThread "Finalizer" daemon [_thread_blocked, id=14132, stack(0x0000001c2ca00000,0x0000001c2cb00000)]
  0x000001d19318f0e0 JavaThread "Signal Dispatcher" daemon [_thread_blocked, id=1520, stack(0x0000001c2cb00000,0x0000001c2cc00000)]
  0x000001d193174720 JavaThread "Attach Listener" daemon [_thread_blocked, id=8968, stack(0x0000001c2cc00000,0x0000001c2cd00000)]
  0x000001d193176480 JavaThread "Service Thread" daemon [_thread_blocked, id=9164, stack(0x0000001c2cd00000,0x0000001c2ce00000)]
  0x000001d193199f40 JavaThread "Monitor Deflation Thread" daemon [_thread_blocked, id=17828, stack(0x0000001c2ce00000,0x0000001c2cf00000)]
=>0x000001d19317b8e0 JavaThread "C2 CompilerThread0" daemon [_thread_in_vm, id=10396, stack(0x0000001c2cf00000,0x0000001c2d000000)]
  0x000001d19317c5a0 JavaThread "C1 CompilerThread0" daemon [_thread_blocked, id=7232, stack(0x0000001c2d000000,0x0000001c2d100000)]

Other Threads:
  0x000001d1f6128550 VMThread "VM Thread" [stack: 0x0000001c2c800000,0x0000001c2c900000] [id=10900]
  0x000001d1e87b8e80 WorkerThread "GC Thread#0" [stack: 0x0000001c2c300000,0x0000001c2c400000] [id=16864]
  0x000001d1e87d0320 ConcurrentGCThread "G1 Main Marker" [stack: 0x0000001c2c400000,0x0000001c2c500000] [id=5404]
  0x000001d1e87d5060 WorkerThread "G1 Conc#0" [stack: 0x0000001c2c500000,0x0000001c2c600000] [id=6728]
  0x000001d1f5f924b0 ConcurrentGCThread "G1 Refine#0" [stack: 0x0000001c2c600000,0x0000001c2c700000] [id=16332]
  0x000001d1e883b050 ConcurrentGCThread "G1 Service" [stack: 0x0000001c2c700000,0x0000001c2c800000] [id=18240]

Threads with active compile tasks:

VM state: not at safepoint (normal execution)

VM Mutex/Monitor currently owned by a thread:  ([mutex/lock_event])
[0x000001d1e8772620] Metaspace_lock - owner thread: 0x000001d1e87789d0

Heap address: 0x00000000c3600000, size: 970 MB, Compressed Oops mode: 32-bit

CDS archive(s) not mapped
Compressed class space mapped at: 0x0000000100000000-0x0000000140000000, reserved size: 1073741824
Narrow klass base: 0x0000000000000000, Narrow klass shift: 3, Narrow klass range: 0x140000000

GC Precious Log:
 CardTable entry size: 512
 Card Set container configuration: InlinePtr #cards 5 size 8 Array Of Cards #cards 12 size 40 Howl #buckets 4 coarsen threshold 1843 Howl Bitmap #cards 512 size 80 coarsen threshold 460 Card regions per heap region 1 cards per card region 2048
 CPUs: 4 total, 4 available
 Memory: 3879M
 Large Page Support: Disabled
 NUMA Support: Disabled
 Compressed Oops: Enabled (32-bit)
 Heap Region Size: 1M
 Heap Min Capacity: 8M
 Heap Initial Capacity: 62M
 Heap Max Capacity: 970M
 Pre-touch: Disabled
 Parallel Workers: 4
 Concurrent Workers: 1
 Concurrent Refinement Workers: 4
 Periodic GC: Disabled

Heap:
 garbage-first heap   total 63488K, used 0K [0x00000000c3600000, 0x0000000100000000)
  region size 1024K, 1 young (1024K), 0 survivors (0K)
 Metaspace       used 2692K, committed 2752K, reserved 1114112K
  class space    used 198K, committed 256K, reserved 1048576K

Heap Regions: E=young(eden), S=young(survivor), O=old, HS=humongous(starts), HC=humongous(continues), CS=collection set, F=free, OA=open archive, CA=closed archive, TAMS=top-at-mark-start, PB=parsable bottom
|   0|0x00000000c3600000, 0x00000000c3600000, 0x00000000c3700000|  0%| F|  |TAMS 0x00000000c3600000| PB 0x00000000c3600000| Untracked 
|   1|0x00000000c3700000, 0x00000000c3700000, 0x00000000c3800000|  0%| F|  |TAMS 0x00000000c3700000| PB 0x00000000c3700000| Untracked 
|   2|0x00000000c3800000, 0x00000000c3800000, 0x00000000c3900000|  0%| F|  |TAMS 0x00000000c3800000| PB 0x00000000c3800000| Untracked 
|   3|0x00000000c3900000, 0x00000000c3900000, 0x00000000c3a00000|  0%| F|  |TAMS 0x00000000c3900000| PB 0x00000000c3900000| Untracked 
|   4|0x00000000c3a00000, 0x00000000c3a00000, 0x00000000c3b00000|  0%| F|  |TAMS 0x00000000c3a00000| PB 0x00000000c3a00000| Untracked 
|   5|0x00000000c3b00000, 0x00000000c3b00000, 0x00000000c3c00000|  0%| F|  |TAMS 0x00000000c3b00000| PB 0x00000000c3b00000| Untracked 
|   6|0x00000000c3c00000, 0x00000000c3c00000, 0x00000000c3d00000|  0%| F|  |TAMS 0x00000000c3c00000| PB 0x00000000c3c00000| Untracked 
|   7|0x00000000c3d00000, 0x00000000c3d00000, 0x00000000c3e00000|  0%| F|  |TAMS 0x00000000c3d00000| PB 0x00000000c3d00000| Untracked 
|   8|0x00000000c3e00000, 0x00000000c3e00000, 0x00000000c3f00000|  0%| F|  |TAMS 0x00000000c3e00000| PB 0x00000000c3e00000| Untracked 
|   9|0x00000000c3f00000, 0x00000000c3f00000, 0x00000000c4000000|  0%| F|  |TAMS 0x00000000c3f00000| PB 0x00000000c3f00000| Untracked 
|  10|0x00000000c4000000, 0x00000000c4000000, 0x00000000c4100000|  0%| F|  |TAMS 0x00000000c4000000| PB 0x00000000c4000000| Untracked 
|  11|0x00000000c4100000, 0x00000000c4100000, 0x00000000c4200000|  0%| F|  |TAMS 0x00000000c4100000| PB 0x00000000c4100000| Untracked 
|  12|0x00000000c4200000, 0x00000000c4200000, 0x00000000c4300000|  0%| F|  |TAMS 0x00000000c4200000| PB 0x00000000c4200000| Untracked 
|  13|0x00000000c4300000, 0x00000000c4300000, 0x00000000c4400000|  0%| F|  |TAMS 0x00000000c4300000| PB 0x00000000c4300000| Untracked 
|  14|0x00000000c4400000, 0x00000000c4400000, 0x00000000c4500000|  0%| F|  |TAMS 0x00000000c4400000| PB 0x00000000c4400000| Untracked 
|  15|0x00000000c4500000, 0x00000000c4500000, 0x00000000c4600000|  0%| F|  |TAMS 0x00000000c4500000| PB 0x00000000c4500000| Untracked 
|  16|0x00000000c4600000, 0x00000000c4600000, 0x00000000c4700000|  0%| F|  |TAMS 0x00000000c4600000| PB 0x00000000c4600000| Untracked 
|  17|0x00000000c4700000, 0x00000000c4700000, 0x00000000c4800000|  0%| F|  |TAMS 0x00000000c4700000| PB 0x00000000c4700000| Untracked 
|  18|0x00000000c4800000, 0x00000000c4800000, 0x00000000c4900000|  0%| F|  |TAMS 0x00000000c4800000| PB 0x00000000c4800000| Untracked 
|  19|0x00000000c4900000, 0x00000000c4900000, 0x00000000c4a00000|  0%| F|  |TAMS 0x00000000c4900000| PB 0x00000000c4900000| Untracked 
|  20|0x00000000c4a00000, 0x00000000c4a00000, 0x00000000c4b00000|  0%| F|  |TAMS 0x00000000c4a00000| PB 0x00000000c4a00000| Untracked 
|  21|0x00000000c4b00000, 0x00000000c4b00000, 0x00000000c4c00000|  0%| F|  |TAMS 0x00000000c4b00000| PB 0x00000000c4b00000| Untracked 
|  22|0x00000000c4c00000, 0x00000000c4c00000, 0x00000000c4d00000|  0%| F|  |TAMS 0x00000000c4c00000| PB 0x00000000c4c00000| Untracked 
|  23|0x00000000c4d00000, 0x00000000c4d00000, 0x00000000c4e00000|  0%| F|  |TAMS 0x00000000c4d00000| PB 0x00000000c4d00000| Untracked 
|  24|0x00000000c4e00000, 0x00000000c4e00000, 0x00000000c4f00000|  0%| F|  |TAMS 0x00000000c4e00000| PB 0x00000000c4e00000| Untracked 
|  25|0x00000000c4f00000, 0x00000000c4f00000, 0x00000000c5000000|  0%| F|  |TAMS 0x00000000c4f00000| PB 0x00000000c4f00000| Untracked 
|  26|0x00000000c5000000, 0x00000000c5000000, 0x00000000c5100000|  0%| F|  |TAMS 0x00000000c5000000| PB 0x00000000c5000000| Untracked 
|  27|0x00000000c5100000, 0x00000000c5100000, 0x00000000c5200000|  0%| F|  |TAMS 0x00000000c5100000| PB 0x00000000c5100000| Untracked 
|  28|0x00000000c5200000, 0x00000000c5200000, 0x00000000c5300000|  0%| F|  |TAMS 0x00000000c5200000| PB 0x00000000c5200000| Untracked 
|  29|0x00000000c5300000, 0x00000000c5300000, 0x00000000c5400000|  0%| F|  |TAMS 0x00000000c5300000| PB 0x00000000c5300000| Untracked 
|  30|0x00000000c5400000, 0x00000000c5400000, 0x00000000c5500000|  0%| F|  |TAMS 0x00000000c5400000| PB 0x00000000c5400000| Untracked 
|  31|0x00000000c5500000, 0x00000000c5500000, 0x00000000c5600000|  0%| F|  |TAMS 0x00000000c5500000| PB 0x00000000c5500000| Untracked 
|  32|0x00000000c5600000, 0x00000000c5600000, 0x00000000c5700000|  0%| F|  |TAMS 0x00000000c5600000| PB 0x00000000c5600000| Untracked 
|  33|0x00000000c5700000, 0x00000000c5700000, 0x00000000c5800000|  0%| F|  |TAMS 0x00000000c5700000| PB 0x00000000c5700000| Untracked 
|  34|0x00000000c5800000, 0x00000000c5800000, 0x00000000c5900000|  0%| F|  |TAMS 0x00000000c5800000| PB 0x00000000c5800000| Untracked 
|  35|0x00000000c5900000, 0x00000000c5900000, 0x00000000c5a00000|  0%| F|  |TAMS 0x00000000c5900000| PB 0x00000000c5900000| Untracked 
|  36|0x00000000c5a00000, 0x00000000c5a00000, 0x00000000c5b00000|  0%| F|  |TAMS 0x00000000c5a00000| PB 0x00000000c5a00000| Untracked 
|  37|0x00000000c5b00000, 0x00000000c5b00000, 0x00000000c5c00000|  0%| F|  |TAMS 0x00000000c5b00000| PB 0x00000000c5b00000| Untracked 
|  38|0x00000000c5c00000, 0x00000000c5c00000, 0x00000000c5d00000|  0%| F|  |TAMS 0x00000000c5c00000| PB 0x00000000c5c00000| Untracked 
|  39|0x00000000c5d00000, 0x00000000c5d00000, 0x00000000c5e00000|  0%| F|  |TAMS 0x00000000c5d00000| PB 0x00000000c5d00000| Untracked 
|  40|0x00000000c5e00000, 0x00000000c5e00000, 0x00000000c5f00000|  0%| F|  |TAMS 0x00000000c5e00000| PB 0x00000000c5e00000| Untracked 
|  41|0x00000000c5f00000, 0x00000000c5f00000, 0x00000000c6000000|  0%| F|  |TAMS 0x00000000c5f00000| PB 0x00000000c5f00000| Untracked 
|  42|0x00000000c6000000, 0x00000000c6000000, 0x00000000c6100000|  0%| F|  |TAMS 0x00000000c6000000| PB 0x00000000c6000000| Untracked 
|  43|0x00000000c6100000, 0x00000000c6100000, 0x00000000c6200000|  0%| F|  |TAMS 0x00000000c6100000| PB 0x00000000c6100000| Untracked 
|  44|0x00000000c6200000, 0x00000000c6200000, 0x00000000c6300000|  0%| F|  |TAMS 0x00000000c6200000| PB 0x00000000c6200000| Untracked 
|  45|0x00000000c6300000, 0x00000000c6300000, 0x00000000c6400000|  0%| F|  |TAMS 0x00000000c6300000| PB 0x00000000c6300000| Untracked 
|  46|0x00000000c6400000, 0x00000000c6400000, 0x00000000c6500000|  0%| F|  |TAMS 0x00000000c6400000| PB 0x00000000c6400000| Untracked 
|  47|0x00000000c6500000, 0x00000000c6500000, 0x00000000c6600000|  0%| F|  |TAMS 0x00000000c6500000| PB 0x00000000c6500000| Untracked 
|  48|0x00000000c6600000, 0x00000000c6600000, 0x00000000c6700000|  0%| F|  |TAMS 0x00000000c6600000| PB 0x00000000c6600000| Untracked 
|  49|0x00000000c6700000, 0x00000000c6700000, 0x00000000c6800000|  0%| F|  |TAMS 0x00000000c6700000| PB 0x00000000c6700000| Untracked 
|  50|0x00000000c6800000, 0x00000000c6800000, 0x00000000c6900000|  0%| F|  |TAMS 0x00000000c6800000| PB 0x00000000c6800000| Untracked 
|  51|0x00000000c6900000, 0x00000000c6900000, 0x00000000c6a00000|  0%| F|  |TAMS 0x00000000c6900000| PB 0x00000000c6900000| Untracked 
|  52|0x00000000c6a00000, 0x00000000c6a00000, 0x00000000c6b00000|  0%| F|  |TAMS 0x00000000c6a00000| PB 0x00000000c6a00000| Untracked 
|  53|0x00000000c6b00000, 0x00000000c6b00000, 0x00000000c6c00000|  0%| F|  |TAMS 0x00000000c6b00000| PB 0x00000000c6b00000| Untracked 
|  54|0x00000000c6c00000, 0x00000000c6c00000, 0x00000000c6d00000|  0%| F|  |TAMS 0x00000000c6c00000| PB 0x00000000c6c00000| Untracked 
|  55|0x00000000c6d00000, 0x00000000c6d00000, 0x00000000c6e00000|  0%| F|  |TAMS 0x00000000c6d00000| PB 0x00000000c6d00000| Untracked 
|  56|0x00000000c6e00000, 0x00000000c6e00000, 0x00000000c6f00000|  0%| F|  |TAMS 0x00000000c6e00000| PB 0x00000000c6e00000| Untracked 
|  57|0x00000000c6f00000, 0x00000000c6f00000, 0x00000000c7000000|  0%| F|  |TAMS 0x00000000c6f00000| PB 0x00000000c6f00000| Untracked 
|  58|0x00000000c7000000, 0x00000000c7000000, 0x00000000c7100000|  0%| F|  |TAMS 0x00000000c7000000| PB 0x00000000c7000000| Untracked 
|  59|0x00000000c7100000, 0x00000000c7100000, 0x00000000c7200000|  0%| F|  |TAMS 0x00000000c7100000| PB 0x00000000c7100000| Untracked 
|  60|0x00000000c7200000, 0x00000000c7200000, 0x00000000c7300000|  0%| F|  |TAMS 0x00000000c7200000| PB 0x00000000c7200000| Untracked 
|  61|0x00000000c7300000, 0x00000000c73c7c30, 0x00000000c7400000| 78%| E|  |TAMS 0x00000000c7300000| PB 0x00000000c7300000| Complete 

Card table byte_map: [0x000001d1f2820000,0x000001d1f2a10000] _byte_map_base: 0x000001d1f2205000

Marking Bits: (CMBitMap*) 0x000001d1e87b94b0
 Bits: [0x000001d1f2c00000, 0x000001d1f3b28000)

Polling page: 0x000001d1e85c0000

Metaspace:

Usage:
  Non-class:      2.44 MB used.
      Class:    198.22 KB used.
       Both:      2.63 MB used.

Virtual space:
  Non-class space:       64.00 MB reserved,       2.44 MB (  4%) committed,  1 nodes.
      Class space:        1.00 GB reserved,     256.00 KB ( <1%) committed,  1 nodes.
             Both:        1.06 GB reserved,       2.69 MB ( <1%) committed. 

Chunk freelists:
   Non-Class:  0 bytes
       Class:  3.75 MB
        Both:  3.75 MB

MaxMetaspaceSize: unlimited
CompressedClassSpaceSize: 1.00 GB
Initial GC threshold: 21.00 MB
Current GC threshold: 21.00 MB
CDS: off
MetaspaceReclaimPolicy: balanced
 - commit_granule_bytes: 65536.
 - commit_granule_words: 8192.
 - virtual_space_node_default_size: 8388608.
 - enlarge_chunks_in_place: 1.
 - new_chunks_are_fully_committed: 0.
 - uncommit_free_chunks: 1.
 - use_allocation_guard: 0.


Internal statistics:

num_allocs_failed_limit: 0.
num_arena_births: 2.
num_arena_deaths: 0.
num_vsnodes_births: 2.
num_vsnodes_deaths: 0.
num_space_committed: 43.
num_space_uncommitted: 0.
num_chunks_returned_to_freelist: 0.
num_chunks_taken_from_freelist: 3.
num_chunk_merges: 0.
num_chunk_splits: 1.
num_chunks_enlarged: 0.
num_inconsistent_stats: 0.

CodeHeap 'non-profiled nmethods': size=120000Kb used=0Kb max_used=0Kb free=120000Kb
 bounds [0x000001d187ad0000, 0x000001d187d40000, 0x000001d18f000000]
CodeHeap 'profiled nmethods': size=120000Kb used=0Kb max_used=0Kb free=120000Kb
 bounds [0x000001d180000000, 0x000001d180270000, 0x000001d187530000]
CodeHeap 'non-nmethods': size=5760Kb used=1222Kb max_used=1222Kb free=4538Kb
 bounds [0x000001d187530000, 0x000001d1877a0000, 0x000001d187ad0000]
 total_blobs=243 nmethods=0 adapters=169
 compilation: enabled
              stopped_count=0, restarted_count=0
 full_count=0

Compilation events (0 events):
No events

GC Heap History (0 events):
No events

Dll operation events (2 events):
Event: 0.093 Loaded shared library C:\Program Files\Java\jdk-20\bin\java.dll
Event: 0.166 Loaded shared library C:\Program Files\Java\jdk-20\bin\jsvml.dll

Deoptimization events (0 events):
No events

Classes loaded (20 events):
Event: 0.203 Loading class java/lang/ref/Finalizer$FinalizerThread
Event: 0.203 Loading class java/lang/ref/Finalizer$FinalizerThread done
Event: 0.203 Loading class jdk/internal/ref/Cleaner
Event: 0.203 Loading class java/util/Collections
Event: 0.203 Loading class jdk/internal/misc/Blocker
Event: 0.203 Loading class jdk/internal/ref/Cleaner done
Event: 0.203 Loading class java/util/concurrent/locks/AbstractQueuedSynchronizer$ConditionObject
Event: 0.204 Loading class jdk/internal/misc/Blocker done
Event: 0.204 Loading class java/util/concurrent/locks/Condition
Event: 0.204 Loading class java/util/Collections done
Event: 0.204 Loading class java/util/concurrent/locks/Condition done
Event: 0.204 Loading class java/util/concurrent/locks/AbstractQueuedSynchronizer$ConditionObject done
Event: 0.204 Loading class java/util/Collections$EmptySet
Event: 0.204 Loading class java/util/Collections$EmptySet done
Event: 0.204 Loading class java/util/Collections$EmptyList
Event: 0.205 Loading class java/util/Collections$EmptyList done
Event: 0.205 Loading class java/util/Collections$EmptyMap
Event: 0.205 Loading class java/util/Collections$EmptyMap done
Event: 0.205 Loading class java/lang/IllegalArgumentException
Event: 0.205 Loading class java/lang/IllegalArgumentException done

Classes unloaded (0 events):
No events

Classes redefined (0 events):
No events

Internal exceptions (0 events):
No events

VM Operations (0 events):
No events

Events (9 events):
Event: 0.167 Thread 0x000001d1e87789d0 Thread added: 0x000001d1e87789d0
Event: 0.203 Thread 0x000001d1f616d610 Thread added: 0x000001d1f616d610
Event: 0.203 Thread 0x000001d1f616e360 Thread added: 0x000001d1f616e360
Event: 0.205 Thread 0x000001d19318f0e0 Thread added: 0x000001d19318f0e0
Event: 0.205 Thread 0x000001d193174720 Thread added: 0x000001d193174720
Event: 0.205 Thread 0x000001d193176480 Thread added: 0x000001d193176480
Event: 0.205 Thread 0x000001d193199f40 Thread added: 0x000001d193199f40
Event: 0.206 Thread 0x000001d19317b8e0 Thread added: 0x000001d19317b8e0
Event: 0.207 Thread 0x000001d19317c5a0 Thread added: 0x000001d19317c5a0


Dynamic libraries:
0x00007ff6fa730000 - 0x00007ff6fa740000 	C:\Program Files\Java\jdk-20\bin\javaw.exe
0x00007ffd58d90000 - 0x00007ffd58fa4000 	C:\Windows\SYSTEM32\ntdll.dll
0x00007ffd579f0000 - 0x00007ffd57ab4000 	C:\Windows\System32\KERNEL32.DLL
0x00007ffd564a0000 - 0x00007ffd56844000 	C:\Windows\System32\KERNELBASE.dll
0x00007ffd56a30000 - 0x00007ffd56b41000 	C:\Windows\System32\ucrtbase.dll
0x00007ffd448d0000 - 0x00007ffd448e9000 	C:\Program Files\Java\jdk-20\bin\jli.dll
0x00007ffd58770000 - 0x00007ffd58820000 	C:\Windows\System32\ADVAPI32.dll
0x00007ffd58ca0000 - 0x00007ffd58d47000 	C:\Windows\System32\msvcrt.dll
0x00007ffd56c70000 - 0x00007ffd56d16000 	C:\Windows\System32\sechost.dll
0x00007ffd588d0000 - 0x00007ffd589e7000 	C:\Windows\System32\RPCRT4.dll
0x00007ffd44980000 - 0x00007ffd4499b000 	C:\Program Files\Java\jdk-20\bin\VCRUNTIME140.dll
0x00007ffd58510000 - 0x00007ffd586ba000 	C:\Windows\System32\USER32.dll
0x00007ffd56300000 - 0x00007ffd56326000 	C:\Windows\System32\win32u.dll
0x00007ffd586c0000 - 0x00007ffd586e9000 	C:\Windows\System32\GDI32.dll
0x00007ffd56910000 - 0x00007ffd56a29000 	C:\Windows\System32\gdi32full.dll
0x00007ffd56260000 - 0x00007ffd562fa000 	C:\Windows\System32\msvcp_win.dll
0x00007ffd494e0000 - 0x00007ffd4976f000 	C:\Windows\WinSxS\amd64_microsoft.windows.common-controls_6595b64144ccf1df_6.0.22621.2070_none_2713e6537381f706\COMCTL32.dll
0x00007ffd50010000 - 0x00007ffd5001a000 	C:\Windows\SYSTEM32\VERSION.dll
0x00007ffd56b50000 - 0x00007ffd56b81000 	C:\Windows\System32\IMM32.DLL
0x00007ffd4afe0000 - 0x00007ffd4afec000 	C:\Program Files\Java\jdk-20\bin\vcruntime140_1.dll
0x00007ffd2afa0000 - 0x00007ffd2b02e000 	C:\Program Files\Java\jdk-20\bin\msvcp140.dll
0x00007ffd1dd00000 - 0x00007ffd1e997000 	C:\Program Files\Java\jdk-20\bin\server\jvm.dll
0x00007ffd3ceb0000 - 0x00007ffd3ceb9000 	C:\Windows\SYSTEM32\WSOCK32.dll
0x00007ffd4e840000 - 0x00007ffd4e874000 	C:\Windows\SYSTEM32\WINMM.dll
0x00007ffd586f0000 - 0x00007ffd58761000 	C:\Windows\System32\WS2_32.dll
0x00007ffd551b0000 - 0x00007ffd551c8000 	C:\Windows\SYSTEM32\kernel.appcore.dll
0x00007ffd44970000 - 0x00007ffd4497a000 	C:\Program Files\Java\jdk-20\bin\jimage.dll
0x00007ffd53c10000 - 0x00007ffd53e3e000 	C:\Windows\SYSTEM32\DBGHELP.DLL
0x00007ffd57490000 - 0x00007ffd5781a000 	C:\Windows\System32\combase.dll
0x00007ffd56b90000 - 0x00007ffd56c67000 	C:\Windows\System32\OLEAUT32.dll
0x00007ffd3e890000 - 0x00007ffd3e8c2000 	C:\Windows\SYSTEM32\dbgcore.DLL
0x00007ffd561e0000 - 0x00007ffd5625a000 	C:\Windows\System32\bcryptPrimitives.dll
0x00007ffd44550000 - 0x00007ffd44576000 	C:\Program Files\Java\jdk-20\bin\java.dll
0x00007ffd2add0000 - 0x00007ffd2aea7000 	C:\Program Files\Java\jdk-20\bin\jsvml.dll
0x00007ffd57cd0000 - 0x00007ffd584e6000 	C:\Windows\System32\SHELL32.dll
0x00007ffd54140000 - 0x00007ffd54a2a000 	C:\Windows\SYSTEM32\windows.storage.dll
0x00007ffd54000000 - 0x00007ffd5413e000 	C:\Windows\SYSTEM32\wintypes.dll
0x00007ffd56e90000 - 0x00007ffd56f83000 	C:\Windows\System32\SHCORE.dll
0x00007ffd56f90000 - 0x00007ffd56fee000 	C:\Windows\System32\shlwapi.dll
0x00007ffd560a0000 - 0x00007ffd560c6000 	C:\Windows\SYSTEM32\profapi.dll

dbghelp: loaded successfully - version: 4.0.5 - missing functions: none
symbol engine: initialized successfully - sym options: 0x614 - pdb path: .;C:\Program Files\Java\jdk-20\bin;C:\Windows\SYSTEM32;C:\Windows\WinSxS\amd64_microsoft.windows.common-controls_6595b64144ccf1df_6.0.22621.2070_none_2713e6537381f706;C:\Program Files\Java\jdk-20\bin\server

VM Arguments:
jvm_args: -Dfile.encoding=UTF-8 
java_command: main.Main
java_class_path (initial): C:\Program Files\Java\jdk-20\lib\jrt-fs.jar;C:\Users\renan\git\ubs\projeto_ubs\target\classes;C:\Users\renan\.m2\repository\com\sun\mail\javax.mail\1.6.2\javax.mail-1.6.2.jar;C:\Users\renan\.m2\repository\javax\activation\activation\1.1\activation-1.1.jar;C:\Users\renan\.m2\repository\org\postgresql\postgresql\9.4-1200-jdbc41\postgresql-9.4-1200-jdbc41.jar;C:\Users\renan\.m2\repository\com\github\dblock\waffle\waffle-jna\1.7\waffle-jna-1.7.jar;C:\Users\renan\.m2\repository\net\java\dev\jna\jna\4.1.0\jna-4.1.0.jar;C:\Users\renan\.m2\repository\net\java\dev\jna\jna-platform\4.1.0\jna-platform-4.1.0.jar;C:\Users\renan\.m2\repository\org\slf4j\slf4j-api\1.7.7\slf4j-api-1.7.7.jar;C:\Users\renan\.m2\repository\com\google\guava\guava\18.0\guava-18.0.jar;C:\Users\renan\.m2\repository\org\slf4j\slf4j-simple\1.7.7\slf4j-simple-1.7.7.jar
Launcher Type: SUN_STANDARD

[Global flags]
     intx CICompilerCount                          = 3                                         {product} {ergonomic}
     uint ConcGCThreads                            = 1                                         {product} {ergonomic}
     uint G1ConcRefinementThreads                  = 4                                         {product} {ergonomic}
   size_t G1HeapRegionSize                         = 1048576                                   {product} {ergonomic}
    uintx GCDrainStackTargetSize                   = 64                                        {product} {ergonomic}
   size_t InitialHeapSize                          = 65011712                                  {product} {ergonomic}
   size_t MarkStackSize                            = 4194304                                   {product} {ergonomic}
   size_t MaxHeapSize                              = 1017118720                                {product} {ergonomic}
   size_t MaxNewSize                               = 610271232                                 {product} {ergonomic}
   size_t MinHeapDeltaBytes                        = 1048576                                   {product} {ergonomic}
   size_t MinHeapSize                              = 8388608                                   {product} {ergonomic}
    uintx NonNMethodCodeHeapSize                   = 5832780                                {pd product} {ergonomic}
    uintx NonProfiledCodeHeapSize                  = 122912730                              {pd product} {ergonomic}
    uintx ProfiledCodeHeapSize                     = 122912730                              {pd product} {ergonomic}
    uintx ReservedCodeCacheSize                    = 251658240                              {pd product} {ergonomic}
     bool SegmentedCodeCache                       = true                                      {product} {ergonomic}
   size_t SoftMaxHeapSize                          = 1017118720                             {manageable} {ergonomic}
     bool UseCompressedClassPointers               = true                           {product lp64_product} {ergonomic}
     bool UseCompressedOops                        = true                           {product lp64_product} {ergonomic}
     bool UseG1GC                                  = true                                      {product} {ergonomic}
     bool UseLargePagesIndividualAllocation        = false                                  {pd product} {ergonomic}

Logging:
Log output configuration:
 #0: stdout all=warning uptime,level,tags foldmultilines=false
 #1: stderr all=off uptime,level,tags foldmultilines=false

Environment Variables:
PATH=C:\app\renan\product\21c\dbhomeXE\bin;C:\Program Files\Common Files\Oracle\Java\javapath;C:\Program Files (x86)\Common Files\Oracle\Java\javapath;C:\Windows\system32;C:\Windows;C:\Windows\System32\Wbem;C:\Windows\System32\WindowsPowerShell\v1.0\;C:\Windows\System32\OpenSSH\;C:\apache-tomcat-10.1.11-windows-x64\bin;C:\Users\renan\AppData\Local\Microsoft\WindowsApps;;C:\Users\renan\AppData\Local\Programs\Microsoft VS Code\bin
USERNAME=renan
OS=Windows_NT
PROCESSOR_IDENTIFIER=Intel64 Family 6 Model 140 Stepping 2, GenuineIntel
TMP=C:\Users\renan\AppData\Local\Temp
TEMP=C:\Users\renan\AppData\Local\Temp




---------------  S Y S T E M  ---------------

OS:
 Windows 11 , 64 bit Build 22621 (10.0.22621.2070)
OS uptime: 6 days 0:08 hours

CPU: total 4 (initial active 4) (2 cores per cpu, 2 threads per core) family 6 model 140 stepping 2 microcode 0x26, cx8, cmov, fxsr, ht, mmx, 3dnowpref, sse, sse2, sse3, ssse3, sse4.1, sse4.2, popcnt, lzcnt, tsc, tscinvbit, avx, avx2, aes, erms, clmul, bmi1, bmi2, adx, avx512f, avx512dq, avx512cd, avx512bw, avx512vl, sha, fma, vzeroupper, avx512_vpopcntdq, avx512_vpclmulqdq, avx512_vaes, avx512_vnni, clflush, clflushopt, clwb, avx512_vbmi2, avx512_vbmi, rdtscp, rdpid, fsrm, gfni, avx512_bitalg, f16c, pku, cet_ibt, cet_ss, avx512_ifma

Memory: 4k page, system-wide physical 3879M (353M free)
TotalPageFile size 15655M (AvailPageFile size 4M)
current process WorkingSet (physical memory assigned to process): 21M, peak: 21M
current process commit charge ("private bytes"): 121M, peak: 128M

vm_info: Java HotSpot(TM) 64-Bit Server VM (20.0.1+9-29) for windows-amd64 JRE (20.0.1+9-29), built on 2023-03-07T13:56:11Z by "mach5one" with MS VC++ 17.1 (VS2022)

END.
