#
# There is insufficient memory for the Java Runtime Environment to continue.
# Native memory allocation (mmap) failed to map 65011712 bytes for G1 virtual space
# Possible reasons:
#   The system is out of physical RAM or swap space
#   The process is running with CompressedOops enabled, and the Java Heap may be blocking the growth of the native heap
# Possible solutions:
#   Reduce memory load on the system
#   Increase physical memory or swap space
#   Check if swap backing store is full
#   Decrease Java heap size (-Xmx/-Xms)
#   Decrease number of Java threads
#   Decrease Java thread stack sizes (-Xss)
#   Set larger code cache with -XX:ReservedCodeCacheSize=
#   JVM is running with Unscaled Compressed Oops mode in which the Java heap is
#     placed in the first 4GB address space. The Java Heap base address is the
#     maximum limit for the native heap growth. Please use -XX:HeapBaseMinAddress
#     to set the Java Heap base and to place the Java Heap above 4GB virtual address.
# This output file may be truncated or incomplete.
#
#  Out of Memory Error (os_windows.cpp:3528), pid=13608, tid=124
#
# JRE version:  (20.0.1+9) (build )
# Java VM: Java HotSpot(TM) 64-Bit Server VM (20.0.1+9-29, mixed mode, sharing, tiered, compressed oops, compressed class ptrs, g1 gc, windows-amd64)
# No core dump will be written. Minidumps are not enabled by default on client versions of Windows
#

---------------  S U M M A R Y ------------

Command Line: -Dfile.encoding=UTF-8 main.Main

Host: 11th Gen Intel(R) Core(TM) i3-1115G4 @ 3.00GHz, 4 cores, 3G,  Windows 11 , 64 bit Build 22621 (10.0.22621.2070)
Time: Mon Sep  4 16:26:04 2023 Hora oficial do Brasil elapsed time: 0.010320 seconds (0d 0h 0m 0s)

---------------  T H R E A D  ---------------

Current thread (0x000001f1fd237920):  JavaThread "Unknown thread" [_thread_in_vm, id=124, stack(0x0000000ad7700000,0x0000000ad7800000)]

Stack: [0x0000000ad7700000,0x0000000ad7800000]
Native frames: (J=compiled Java code, j=interpreted, Vv=VM code, C=native code)
V  [jvm.dll+0x6bb95a]
V  [jvm.dll+0x8485fa]
V  [jvm.dll+0x84a1f5]
V  [jvm.dll+0x84a8f3]
V  [jvm.dll+0x280b0f]
V  [jvm.dll+0x6b86e9]
V  [jvm.dll+0x6ad2da]
V  [jvm.dll+0x35adf5]
V  [jvm.dll+0x363016]
V  [jvm.dll+0x3b3b3e]
V  [jvm.dll+0x3b3dc5]
V  [jvm.dll+0x32b50a]
V  [jvm.dll+0x32c32b]
V  [jvm.dll+0x8112bf]
V  [jvm.dll+0x3c0d91]
V  [jvm.dll+0x7fcfe3]
V  [jvm.dll+0x44c76f]
V  [jvm.dll+0x44e0e1]
C  [jli.dll+0x5287]
C  [ucrtbase.dll+0x29363]
C  [KERNEL32.DLL+0x126ad]
C  [ntdll.dll+0x5aa68]


---------------  P R O C E S S  ---------------

Threads class SMR info:
_java_thread_list=0x00007ffd1e85a098, length=0, elements={
}

Java Threads: ( => current thread )

Other Threads:
  0x000001f1fd2783f0 WorkerThread "GC Thread#0" [stack: 0x0000000ad7800000,0x0000000ad7900000] [id=4288]
  0x000001f1fd280c40 ConcurrentGCThread "G1 Main Marker" [stack: 0x0000000ad7900000,0x0000000ad7a00000] [id=15520]
  0x000001f1fd282110 WorkerThread "G1 Conc#0" [stack: 0x0000000ad7a00000,0x0000000ad7b00000] [id=12336]

[error occurred during error reporting (printing all threads), id 0xc0000005, EXCEPTION_ACCESS_VIOLATION (0xc0000005) at pc=0x00007ffd1e03eb47]
VM state: not at safepoint (not fully initialized)

VM Mutex/Monitor currently owned by a thread:  ([mutex/lock_event])
[0x000001f1fd233720] Heap_lock - owner thread: 0x000001f1fd237920

Heap address: 0x00000000c3600000, size: 970 MB, Compressed Oops mode: 32-bit

CDS archive(s) mapped at: [0x0000000000000000-0x0000000000000000-0x0000000000000000), size 0, SharedBaseAddress: 0x0000000800000000, ArchiveRelocationMode: 0.
Narrow klass base: 0x0000000000000000, Narrow klass shift: 0, Narrow klass range: 0x0

GC Precious Log:
 CardTable entry size: 512
 Card Set container configuration: InlinePtr #cards 5 size 8 Array Of Cards #cards 12 size 40 Howl #buckets 4 coarsen threshold 1843 Howl Bitmap #cards 512 size 80 coarsen threshold 460 Card regions per heap region 1 cards per card region 2048

Heap:
 garbage-first heap   total 0K, used 0K [0x00000000c3600000, 0x0000000100000000)
  region size 1024K, 0 young (0K), 0 survivors (0K)

[error occurred during error reporting (printing heap information), id 0xc0000005, EXCEPTION_ACCESS_VIOLATION (0xc0000005) at pc=0x00007ffd1e413c59]
GC Heap History (0 events):
No events

Dll operation events (1 events):
Event: 0.005 Loaded shared library C:\Program Files\Java\jdk-20\bin\java.dll

Deoptimization events (0 events):
No events

Classes loaded (0 events):
No events

Classes unloaded (0 events):
No events

Classes redefined (0 events):
No events

Internal exceptions (0 events):
No events

VM Operations (0 events):
No events

Events (0 events):
No events


Dynamic libraries:
0x00007ff6fa730000 - 0x00007ff6fa740000 	C:\Program Files\Java\jdk-20\bin\javaw.exe
0x00007ffd58d90000 - 0x00007ffd58fa4000 	C:\Windows\SYSTEM32\ntdll.dll
0x00007ffd579f0000 - 0x00007ffd57ab4000 	C:\Windows\System32\KERNEL32.DLL
0x00007ffd564a0000 - 0x00007ffd56844000 	C:\Windows\System32\KERNELBASE.dll
0x00007ffd56a30000 - 0x00007ffd56b41000 	C:\Windows\System32\ucrtbase.dll
0x00007ffd448d0000 - 0x00007ffd448e9000 	C:\Program Files\Java\jdk-20\bin\jli.dll
0x00007ffd58770000 - 0x00007ffd58820000 	C:\Windows\System32\ADVAPI32.dll
0x00007ffd58ca0000 - 0x00007ffd58d47000 	C:\Windows\System32\msvcrt.dll
0x00007ffd56c70000 - 0x00007ffd56d16000 	C:\Windows\System32\sechost.dll
0x00007ffd588d0000 - 0x00007ffd589e7000 	C:\Windows\System32\RPCRT4.dll
0x00007ffd58510000 - 0x00007ffd586ba000 	C:\Windows\System32\USER32.dll
0x00007ffd56300000 - 0x00007ffd56326000 	C:\Windows\System32\win32u.dll
0x00007ffd586c0000 - 0x00007ffd586e9000 	C:\Windows\System32\GDI32.dll
0x00007ffd56910000 - 0x00007ffd56a29000 	C:\Windows\System32\gdi32full.dll
0x00007ffd56260000 - 0x00007ffd562fa000 	C:\Windows\System32\msvcp_win.dll
0x00007ffd44980000 - 0x00007ffd4499b000 	C:\Program Files\Java\jdk-20\bin\VCRUNTIME140.dll
0x00007ffd494e0000 - 0x00007ffd4976f000 	C:\Windows\WinSxS\amd64_microsoft.windows.common-controls_6595b64144ccf1df_6.0.22621.2070_none_2713e6537381f706\COMCTL32.dll
0x00007ffd50010000 - 0x00007ffd5001a000 	C:\Windows\SYSTEM32\VERSION.dll
0x00007ffd56b50000 - 0x00007ffd56b81000 	C:\Windows\System32\IMM32.DLL
0x00007ffd4afe0000 - 0x00007ffd4afec000 	C:\Program Files\Java\jdk-20\bin\vcruntime140_1.dll
0x00007ffd2afa0000 - 0x00007ffd2b02e000 	C:\Program Files\Java\jdk-20\bin\msvcp140.dll
0x00007ffd1dd00000 - 0x00007ffd1e997000 	C:\Program Files\Java\jdk-20\bin\server\jvm.dll
0x00007ffd4e840000 - 0x00007ffd4e874000 	C:\Windows\SYSTEM32\WINMM.dll
0x00007ffd3ceb0000 - 0x00007ffd3ceb9000 	C:\Windows\SYSTEM32\WSOCK32.dll
0x00007ffd586f0000 - 0x00007ffd58761000 	C:\Windows\System32\WS2_32.dll
0x00007ffd551b0000 - 0x00007ffd551c8000 	C:\Windows\SYSTEM32\kernel.appcore.dll
0x00007ffd44970000 - 0x00007ffd4497a000 	C:\Program Files\Java\jdk-20\bin\jimage.dll
0x00007ffd53c10000 - 0x00007ffd53e3e000 	C:\Windows\SYSTEM32\DBGHELP.DLL
0x00007ffd57490000 - 0x00007ffd5781a000 	C:\Windows\System32\combase.dll
0x00007ffd56b90000 - 0x00007ffd56c67000 	C:\Windows\System32\OLEAUT32.dll
0x00007ffd3e890000 - 0x00007ffd3e8c2000 	C:\Windows\SYSTEM32\dbgcore.DLL
0x00007ffd561e0000 - 0x00007ffd5625a000 	C:\Windows\System32\bcryptPrimitives.dll
0x00007ffd44550000 - 0x00007ffd44576000 	C:\Program Files\Java\jdk-20\bin\java.dll

dbghelp: loaded successfully - version: 4.0.5 - missing functions: none
symbol engine: initialized successfully - sym options: 0x614 - pdb path: .;C:\Program Files\Java\jdk-20\bin;C:\Windows\SYSTEM32;C:\Windows\WinSxS\amd64_microsoft.windows.common-controls_6595b64144ccf1df_6.0.22621.2070_none_2713e6537381f706;C:\Program Files\Java\jdk-20\bin\server

VM Arguments:
jvm_args: -Dfile.encoding=UTF-8 
java_command: main.Main
java_class_path (initial): C:\Program Files\Java\jdk-20\lib\jrt-fs.jar;C:\Users\renan\git\ubs\projeto_ubs\target\classes;C:\Users\renan\.m2\repository\com\sun\mail\javax.mail\1.6.2\javax.mail-1.6.2.jar;C:\Users\renan\.m2\repository\javax\activation\activation\1.1\activation-1.1.jar;C:\Users\renan\.m2\repository\org\postgresql\postgresql\9.4-1200-jdbc41\postgresql-9.4-1200-jdbc41.jar;C:\Users\renan\.m2\repository\com\github\dblock\waffle\waffle-jna\1.7\waffle-jna-1.7.jar;C:\Users\renan\.m2\repository\net\java\dev\jna\jna\4.1.0\jna-4.1.0.jar;C:\Users\renan\.m2\repository\net\java\dev\jna\jna-platform\4.1.0\jna-platform-4.1.0.jar;C:\Users\renan\.m2\repository\org\slf4j\slf4j-api\1.7.7\slf4j-api-1.7.7.jar;C:\Users\renan\.m2\repository\com\google\guava\guava\18.0\guava-18.0.jar;C:\Users\renan\.m2\repository\org\slf4j\slf4j-simple\1.7.7\slf4j-simple-1.7.7.jar
Launcher Type: SUN_STANDARD

[Global flags]
     intx CICompilerCount                          = 3                                         {product} {ergonomic}
     uint ConcGCThreads                            = 1                                         {product} {ergonomic}
     uint G1ConcRefinementThreads                  = 4                                         {product} {ergonomic}
   size_t G1HeapRegionSize                         = 1048576                                   {product} {ergonomic}
    uintx GCDrainStackTargetSize                   = 64                                        {product} {ergonomic}
   size_t InitialHeapSize                          = 65011712                                  {product} {ergonomic}
   size_t MarkStackSize                            = 4194304                                   {product} {ergonomic}
   size_t MaxHeapSize                              = 1017118720                                {product} {ergonomic}
   size_t MinHeapDeltaBytes                        = 1048576                                   {product} {ergonomic}
   size_t MinHeapSize                              = 8388608                                   {product} {ergonomic}
    uintx NonNMethodCodeHeapSize                   = 5832780                                {pd product} {ergonomic}
    uintx NonProfiledCodeHeapSize                  = 122912730                              {pd product} {ergonomic}
    uintx ProfiledCodeHeapSize                     = 122912730                              {pd product} {ergonomic}
    uintx ReservedCodeCacheSize                    = 251658240                              {pd product} {ergonomic}
     bool SegmentedCodeCache                       = true                                      {product} {ergonomic}
   size_t SoftMaxHeapSize                          = 1017118720                             {manageable} {ergonomic}
     bool UseCompressedClassPointers               = true                           {product lp64_product} {ergonomic}
     bool UseCompressedOops                        = true                           {product lp64_product} {ergonomic}
     bool UseG1GC                                  = true                                      {product} {ergonomic}
     bool UseLargePagesIndividualAllocation        = false                                  {pd product} {ergonomic}

Logging:
Log output configuration:
 #0: stdout all=warning uptime,level,tags foldmultilines=false
 #1: stderr all=off uptime,level,tags foldmultilines=false

Environment Variables:
PATH=C:\app\renan\product\21c\dbhomeXE\bin;C:\Program Files\Common Files\Oracle\Java\javapath;C:\Program Files (x86)\Common Files\Oracle\Java\javapath;C:\Windows\system32;C:\Windows;C:\Windows\System32\Wbem;C:\Windows\System32\WindowsPowerShell\v1.0\;C:\Windows\System32\OpenSSH\;C:\apache-tomcat-10.1.11-windows-x64\bin;C:\Users\renan\AppData\Local\Microsoft\WindowsApps;;C:\Users\renan\AppData\Local\Programs\Microsoft VS Code\bin
USERNAME=renan
OS=Windows_NT
PROCESSOR_IDENTIFIER=Intel64 Family 6 Model 140 Stepping 2, GenuineIntel
TMP=C:\Users\renan\AppData\Local\Temp
TEMP=C:\Users\renan\AppData\Local\Temp




---------------  S Y S T E M  ---------------

OS:
 Windows 11 , 64 bit Build 22621 (10.0.22621.2070)
OS uptime: 5 days 23:53 hours

CPU: total 4 (initial active 4) (2 cores per cpu, 2 threads per core) family 6 model 140 stepping 2 microcode 0x26, cx8, cmov, fxsr, ht, mmx, 3dnowpref, sse, sse2, sse3, ssse3, sse4.1, sse4.2, popcnt, lzcnt, tsc, tscinvbit, avx, avx2, aes, erms, clmul, bmi1, bmi2, adx, avx512f, avx512dq, avx512cd, avx512bw, avx512vl, sha, fma, vzeroupper, avx512_vpopcntdq, avx512_vpclmulqdq, avx512_vaes, avx512_vnni, clflush, clflushopt, clwb, avx512_vbmi2, avx512_vbmi, rdtscp, rdpid, fsrm, gfni, avx512_bitalg, f16c, pku, cet_ibt, cet_ss, avx512_ifma

Memory: 4k page, system-wide physical 3879M (149M free)
TotalPageFile size 15655M (AvailPageFile size 48M)
current process WorkingSet (physical memory assigned to process): 11M, peak: 11M
current process commit charge ("private bytes"): 51M, peak: 113M

vm_info: Java HotSpot(TM) 64-Bit Server VM (20.0.1+9-29) for windows-amd64 JRE (20.0.1+9-29), built on 2023-03-07T13:56:11Z by "mach5one" with MS VC++ 17.1 (VS2022)

END.
