#
# There is insufficient memory for the Java Runtime Environment to continue.
# Native memory allocation (malloc) failed to allocate 32744 bytes for Chunk::new
# Possible reasons:
#   The system is out of physical RAM or swap space
#   The process is running with CompressedOops enabled, and the Java Heap may be blocking the growth of the native heap
# Possible solutions:
#   Reduce memory load on the system
#   Increase physical memory or swap space
#   Check if swap backing store is full
#   Decrease Java heap size (-Xmx/-Xms)
#   Decrease number of Java threads
#   Decrease Java thread stack sizes (-Xss)
#   Set larger code cache with -XX:ReservedCodeCacheSize=
#   JVM is running with Unscaled Compressed Oops mode in which the Java heap is
#     placed in the first 4GB address space. The Java Heap base address is the
#     maximum limit for the native heap growth. Please use -XX:HeapBaseMinAddress
#     to set the Java Heap base and to place the Java Heap above 4GB virtual address.
# This output file may be truncated or incomplete.
#
#  Out of Memory Error (arena.cpp:184), pid=18052, tid=9464
#
# JRE version: Java(TM) SE Runtime Environment (20.0.1+9) (build 20.0.1+9-29)
# Java VM: Java HotSpot(TM) 64-Bit Server VM (20.0.1+9-29, mixed mode, sharing, tiered, compressed oops, compressed class ptrs, g1 gc, windows-amd64)
# No core dump will be written. Minidumps are not enabled by default on client versions of Windows
#

---------------  S U M M A R Y ------------

Command Line: -Dfile.encoding=UTF-8 main.Main

Host: 11th Gen Intel(R) Core(TM) i3-1115G4 @ 3.00GHz, 4 cores, 3G,  Windows 11 , 64 bit Build 22621 (10.0.22621.2070)
Time: Mon Sep  4 16:36:10 2023 Hora oficial do Brasil elapsed time: 3.006238 seconds (0d 0h 0m 3s)

---------------  T H R E A D  ---------------

Current thread (0x0000023734b960c0):  JavaThread "main" [_thread_in_vm, id=9464, stack(0x000000de91000000,0x000000de91100000)]

Stack: [0x000000de91000000,0x000000de91100000]
Native frames: (J=compiled Java code, j=interpreted, Vv=VM code, C=native code)
V  [jvm.dll+0x6bb95a]
V  [jvm.dll+0x8485fa]
V  [jvm.dll+0x84a1f5]
V  [jvm.dll+0x84a8f3]
V  [jvm.dll+0x280b0f]
V  [jvm.dll+0xc2b11]
V  [jvm.dll+0xc2e35]
V  [jvm.dll+0x223ce5]
V  [jvm.dll+0x222c36]
V  [jvm.dll+0x7c2cb4]
V  [jvm.dll+0x7c3dff]
V  [jvm.dll+0x7c43af]
V  [jvm.dll+0x7c4058]
V  [jvm.dll+0x27024b]
V  [jvm.dll+0x3d84fe]
C  0x00000237441b0174

Java frames: (J=compiled Java code, j=interpreted, Vv=VM code)
j  javax.swing.text.DefaultEditorKit.<clinit>()V+228 java.desktop@20.0.1
v  ~StubRoutines::call_stub 0x00000237441810e7
j  javax.swing.plaf.basic.BasicTextUI.<clinit>()V+11 java.desktop@20.0.1
v  ~StubRoutines::call_stub 0x00000237441810e7
j  java.lang.Class.forName0(Ljava/lang/String;ZLjava/lang/ClassLoader;Ljava/lang/Class;)Ljava/lang/Class;+0 java.base@20.0.1
j  java.lang.Class.forName(Ljava/lang/String;ZLjava/lang/ClassLoader;Ljava/lang/Class;)Ljava/lang/Class;+37 java.base@20.0.1
j  java.lang.Class.forName(Ljava/lang/String;ZLjava/lang/ClassLoader;)Ljava/lang/Class;+20 java.base@20.0.1
j  javax.swing.SwingUtilities.loadSystemClass(Ljava/lang/String;)Ljava/lang/Class;+12 java.desktop@20.0.1
j  javax.swing.UIDefaults.getUIClass(Ljava/lang/String;Ljava/lang/ClassLoader;)Ljava/lang/Class;+37 java.desktop@20.0.1
j  javax.swing.UIDefaults.getUI(Ljavax/swing/JComponent;)Ljavax/swing/plaf/ComponentUI;+32 java.desktop@20.0.1
j  javax.swing.UIManager.getUI(Ljavax/swing/JComponent;)Ljavax/swing/plaf/ComponentUI;+37 java.desktop@20.0.1
j  javax.swing.text.JTextComponent.updateUI()V+2 java.desktop@20.0.1
j  javax.swing.JPasswordField.updateUI()V+14 java.desktop@20.0.1
j  javax.swing.text.JTextComponent.<init>()V+62 java.desktop@20.0.1
j  javax.swing.JTextField.<init>(Ljavax/swing/text/Document;Ljava/lang/String;I)V+1 java.desktop@20.0.1
j  javax.swing.JPasswordField.<init>(Ljavax/swing/text/Document;Ljava/lang/String;I)V+4 java.desktop@20.0.1
j  javax.swing.JPasswordField.<init>()V+4 java.desktop@20.0.1
j  ubs.swing.TelaLogin.<init>()V+64
j  main.Main.main([Ljava/lang/String;)V+77
v  ~StubRoutines::call_stub 0x00000237441810e7

---------------  P R O C E S S  ---------------

Threads class SMR info:
_java_thread_list=0x0000023754830600, length=17, elements={
0x0000023734b960c0, 0x000002374f5bf470, 0x000002374f5c00e0, 0x000002374f5c7b30,
0x000002374f5c8760, 0x000002374f5cd6c0, 0x000002374f5cf010, 0x000002374f5d0f70,
0x000002374f5d18f0, 0x0000023753891bc0, 0x000002375389c9b0, 0x0000023753ae62f0,
0x0000023753ae6840, 0x0000023753b291f0, 0x0000023753b58d30, 0x00000237546a5be0,
0x00000237547b6da0
}

Java Threads: ( => current thread )
=>0x0000023734b960c0 JavaThread "main" [_thread_in_vm, id=9464, stack(0x000000de91000000,0x000000de91100000)]
  0x000002374f5bf470 JavaThread "Reference Handler" daemon [_thread_blocked, id=8964, stack(0x000000de91700000,0x000000de91800000)]
  0x000002374f5c00e0 JavaThread "Finalizer" daemon [_thread_blocked, id=16468, stack(0x000000de91800000,0x000000de91900000)]
  0x000002374f5c7b30 JavaThread "Signal Dispatcher" daemon [_thread_blocked, id=10124, stack(0x000000de91900000,0x000000de91a00000)]
  0x000002374f5c8760 JavaThread "Attach Listener" daemon [_thread_blocked, id=15936, stack(0x000000de91a00000,0x000000de91b00000)]
  0x000002374f5cd6c0 JavaThread "Service Thread" daemon [_thread_blocked, id=5668, stack(0x000000de91b00000,0x000000de91c00000)]
  0x000002374f5cf010 JavaThread "Monitor Deflation Thread" daemon [_thread_blocked, id=9636, stack(0x000000de91c00000,0x000000de91d00000)]
  0x000002374f5d0f70 JavaThread "C2 CompilerThread0" daemon [_thread_blocked, id=13180, stack(0x000000de91d00000,0x000000de91e00000)]
  0x000002374f5d18f0 JavaThread "C1 CompilerThread0" daemon [_thread_blocked, id=5420, stack(0x000000de91e00000,0x000000de91f00000)]
  0x0000023753891bc0 JavaThread "Notification Thread" daemon [_thread_blocked, id=1676, stack(0x000000de91f00000,0x000000de92000000)]
  0x000002375389c9b0 JavaThread "Common-Cleaner" daemon [_thread_blocked, id=1732, stack(0x000000de92100000,0x000000de92200000)]
  0x0000023753ae62f0 JavaThread "Java2D Disposer" daemon [_thread_blocked, id=17012, stack(0x000000de92200000,0x000000de92300000)]
  0x0000023753ae6840 JavaThread "AWT-Shutdown" [_thread_blocked, id=13420, stack(0x000000de92300000,0x000000de92400000)]
  0x0000023753b291f0 JavaThread "AWT-Windows" daemon [_thread_in_native, id=16800, stack(0x000000de92400000,0x000000de92500000)]
  0x0000023753b58d30 JavaThread "Image Fetcher 0" daemon [_thread_blocked, id=1896, stack(0x000000de92500000,0x000000de92600000)]
  0x00000237546a5be0 JavaThread "AWT-EventQueue-0" [_thread_blocked, id=12788, stack(0x000000de92600000,0x000000de92700000)]
  0x00000237547b6da0 JavaThread "Thread-1" [_thread_blocked, id=5780, stack(0x000000de92700000,0x000000de92800000)]

Other Threads:
  0x000002374f5adda0 VMThread "VM Thread" [stack: 0x000000de91600000,0x000000de91700000] [id=9700] _threads_hazard_ptr=0x0000023754830600
  0x0000023753896530 WatcherThread "VM Periodic Task Thread" [stack: 0x000000de92000000,0x000000de92100000] [id=14332]
  0x0000023734bd7e20 WorkerThread "GC Thread#0" [stack: 0x000000de91100000,0x000000de91200000] [id=6532]
  0x0000023734bef950 ConcurrentGCThread "G1 Main Marker" [stack: 0x000000de91200000,0x000000de91300000] [id=3080]
  0x0000023734bf0380 WorkerThread "G1 Conc#0" [stack: 0x000000de91300000,0x000000de91400000] [id=880]
  0x0000023734c42af0 ConcurrentGCThread "G1 Refine#0" [stack: 0x000000de91400000,0x000000de91500000] [id=5900]
  0x0000023734c44440 ConcurrentGCThread "G1 Service" [stack: 0x000000de91500000,0x000000de91600000] [id=1364]

Threads with active compile tasks:
C2 CompilerThread0     3017 1209       4       java.util.Date::getMillisOf (55 bytes)

VM state: synchronizing (normal execution)

VM Mutex/Monitor currently owned by a thread:  ([mutex/lock_event])
[0x0000023734b937d0] Threads_lock - owner thread: 0x000002374f5adda0
[0x0000023734b91970] Heap_lock - owner thread: 0x00000237547b6da0

Heap address: 0x00000000c3600000, size: 970 MB, Compressed Oops mode: 32-bit

CDS archive(s) mapped at: [0x0000000800000000-0x0000000800c60000-0x0000000800c60000), size 12976128, SharedBaseAddress: 0x0000000800000000, ArchiveRelocationMode: 0.
Compressed class space mapped at: 0x0000000801000000-0x0000000841000000, reserved size: 1073741824
Narrow klass base: 0x0000000800000000, Narrow klass shift: 0, Narrow klass range: 0x100000000

GC Precious Log:
 CardTable entry size: 512
 Card Set container configuration: InlinePtr #cards 5 size 8 Array Of Cards #cards 12 size 40 Howl #buckets 4 coarsen threshold 1843 Howl Bitmap #cards 512 size 80 coarsen threshold 460 Card regions per heap region 1 cards per card region 2048
 CPUs: 4 total, 4 available
 Memory: 3879M
 Large Page Support: Disabled
 NUMA Support: Disabled
 Compressed Oops: Enabled (32-bit)
 Heap Region Size: 1M
 Heap Min Capacity: 8M
 Heap Initial Capacity: 62M
 Heap Max Capacity: 970M
 Pre-touch: Disabled
 Parallel Workers: 4
 Concurrent Workers: 1
 Concurrent Refinement Workers: 4
 Periodic GC: Disabled

Heap:
 garbage-first heap   total 63488K, used 12288K [0x00000000c3600000, 0x0000000100000000)
  region size 1024K, 13 young (13312K), 0 survivors (0K)
 Metaspace       used 9463K, committed 9792K, reserved 1114112K
  class space    used 1061K, committed 1216K, reserved 1048576K

Heap Regions: E=young(eden), S=young(survivor), O=old, HS=humongous(starts), HC=humongous(continues), CS=collection set, F=free, OA=open archive, CA=closed archive, TAMS=top-at-mark-start, PB=parsable bottom
|   0|0x00000000c3600000, 0x00000000c3600000, 0x00000000c3700000|  0%| F|  |TAMS 0x00000000c3600000| PB 0x00000000c3600000| Untracked 
|   1|0x00000000c3700000, 0x00000000c3700000, 0x00000000c3800000|  0%| F|  |TAMS 0x00000000c3700000| PB 0x00000000c3700000| Untracked 
|   2|0x00000000c3800000, 0x00000000c3800000, 0x00000000c3900000|  0%| F|  |TAMS 0x00000000c3800000| PB 0x00000000c3800000| Untracked 
|   3|0x00000000c3900000, 0x00000000c3900000, 0x00000000c3a00000|  0%| F|  |TAMS 0x00000000c3900000| PB 0x00000000c3900000| Untracked 
|   4|0x00000000c3a00000, 0x00000000c3a00000, 0x00000000c3b00000|  0%| F|  |TAMS 0x00000000c3a00000| PB 0x00000000c3a00000| Untracked 
|   5|0x00000000c3b00000, 0x00000000c3b00000, 0x00000000c3c00000|  0%| F|  |TAMS 0x00000000c3b00000| PB 0x00000000c3b00000| Untracked 
|   6|0x00000000c3c00000, 0x00000000c3c00000, 0x00000000c3d00000|  0%| F|  |TAMS 0x00000000c3c00000| PB 0x00000000c3c00000| Untracked 
|   7|0x00000000c3d00000, 0x00000000c3d00000, 0x00000000c3e00000|  0%| F|  |TAMS 0x00000000c3d00000| PB 0x00000000c3d00000| Untracked 
|   8|0x00000000c3e00000, 0x00000000c3e00000, 0x00000000c3f00000|  0%| F|  |TAMS 0x00000000c3e00000| PB 0x00000000c3e00000| Untracked 
|   9|0x00000000c3f00000, 0x00000000c3f00000, 0x00000000c4000000|  0%| F|  |TAMS 0x00000000c3f00000| PB 0x00000000c3f00000| Untracked 
|  10|0x00000000c4000000, 0x00000000c4000000, 0x00000000c4100000|  0%| F|  |TAMS 0x00000000c4000000| PB 0x00000000c4000000| Untracked 
|  11|0x00000000c4100000, 0x00000000c4100000, 0x00000000c4200000|  0%| F|  |TAMS 0x00000000c4100000| PB 0x00000000c4100000| Untracked 
|  12|0x00000000c4200000, 0x00000000c4200000, 0x00000000c4300000|  0%| F|  |TAMS 0x00000000c4200000| PB 0x00000000c4200000| Untracked 
|  13|0x00000000c4300000, 0x00000000c4300000, 0x00000000c4400000|  0%| F|  |TAMS 0x00000000c4300000| PB 0x00000000c4300000| Untracked 
|  14|0x00000000c4400000, 0x00000000c4400000, 0x00000000c4500000|  0%| F|  |TAMS 0x00000000c4400000| PB 0x00000000c4400000| Untracked 
|  15|0x00000000c4500000, 0x00000000c4500000, 0x00000000c4600000|  0%| F|  |TAMS 0x00000000c4500000| PB 0x00000000c4500000| Untracked 
|  16|0x00000000c4600000, 0x00000000c4600000, 0x00000000c4700000|  0%| F|  |TAMS 0x00000000c4600000| PB 0x00000000c4600000| Untracked 
|  17|0x00000000c4700000, 0x00000000c4700000, 0x00000000c4800000|  0%| F|  |TAMS 0x00000000c4700000| PB 0x00000000c4700000| Untracked 
|  18|0x00000000c4800000, 0x00000000c4800000, 0x00000000c4900000|  0%| F|  |TAMS 0x00000000c4800000| PB 0x00000000c4800000| Untracked 
|  19|0x00000000c4900000, 0x00000000c4900000, 0x00000000c4a00000|  0%| F|  |TAMS 0x00000000c4900000| PB 0x00000000c4900000| Untracked 
|  20|0x00000000c4a00000, 0x00000000c4a00000, 0x00000000c4b00000|  0%| F|  |TAMS 0x00000000c4a00000| PB 0x00000000c4a00000| Untracked 
|  21|0x00000000c4b00000, 0x00000000c4b00000, 0x00000000c4c00000|  0%| F|  |TAMS 0x00000000c4b00000| PB 0x00000000c4b00000| Untracked 
|  22|0x00000000c4c00000, 0x00000000c4c00000, 0x00000000c4d00000|  0%| F|  |TAMS 0x00000000c4c00000| PB 0x00000000c4c00000| Untracked 
|  23|0x00000000c4d00000, 0x00000000c4d00000, 0x00000000c4e00000|  0%| F|  |TAMS 0x00000000c4d00000| PB 0x00000000c4d00000| Untracked 
|  24|0x00000000c4e00000, 0x00000000c4e00000, 0x00000000c4f00000|  0%| F|  |TAMS 0x00000000c4e00000| PB 0x00000000c4e00000| Untracked 
|  25|0x00000000c4f00000, 0x00000000c4f00000, 0x00000000c5000000|  0%| F|  |TAMS 0x00000000c4f00000| PB 0x00000000c4f00000| Untracked 
|  26|0x00000000c5000000, 0x00000000c5000000, 0x00000000c5100000|  0%| F|  |TAMS 0x00000000c5000000| PB 0x00000000c5000000| Untracked 
|  27|0x00000000c5100000, 0x00000000c5100000, 0x00000000c5200000|  0%| F|  |TAMS 0x00000000c5100000| PB 0x00000000c5100000| Untracked 
|  28|0x00000000c5200000, 0x00000000c5200000, 0x00000000c5300000|  0%| F|  |TAMS 0x00000000c5200000| PB 0x00000000c5200000| Untracked 
|  29|0x00000000c5300000, 0x00000000c5300000, 0x00000000c5400000|  0%| F|  |TAMS 0x00000000c5300000| PB 0x00000000c5300000| Untracked 
|  30|0x00000000c5400000, 0x00000000c5400000, 0x00000000c5500000|  0%| F|  |TAMS 0x00000000c5400000| PB 0x00000000c5400000| Untracked 
|  31|0x00000000c5500000, 0x00000000c5500000, 0x00000000c5600000|  0%| F|  |TAMS 0x00000000c5500000| PB 0x00000000c5500000| Untracked 
|  32|0x00000000c5600000, 0x00000000c5600000, 0x00000000c5700000|  0%| F|  |TAMS 0x00000000c5600000| PB 0x00000000c5600000| Untracked 
|  33|0x00000000c5700000, 0x00000000c5700000, 0x00000000c5800000|  0%| F|  |TAMS 0x00000000c5700000| PB 0x00000000c5700000| Untracked 
|  34|0x00000000c5800000, 0x00000000c5800000, 0x00000000c5900000|  0%| F|  |TAMS 0x00000000c5800000| PB 0x00000000c5800000| Untracked 
|  35|0x00000000c5900000, 0x00000000c5900000, 0x00000000c5a00000|  0%| F|  |TAMS 0x00000000c5900000| PB 0x00000000c5900000| Untracked 
|  36|0x00000000c5a00000, 0x00000000c5a00000, 0x00000000c5b00000|  0%| F|  |TAMS 0x00000000c5a00000| PB 0x00000000c5a00000| Untracked 
|  37|0x00000000c5b00000, 0x00000000c5b00000, 0x00000000c5c00000|  0%| F|  |TAMS 0x00000000c5b00000| PB 0x00000000c5b00000| Untracked 
|  38|0x00000000c5c00000, 0x00000000c5c00000, 0x00000000c5d00000|  0%| F|  |TAMS 0x00000000c5c00000| PB 0x00000000c5c00000| Untracked 
|  39|0x00000000c5d00000, 0x00000000c5d00000, 0x00000000c5e00000|  0%| F|  |TAMS 0x00000000c5d00000| PB 0x00000000c5d00000| Untracked 
|  40|0x00000000c5e00000, 0x00000000c5e00000, 0x00000000c5f00000|  0%| F|  |TAMS 0x00000000c5e00000| PB 0x00000000c5e00000| Untracked 
|  41|0x00000000c5f00000, 0x00000000c5f00000, 0x00000000c6000000|  0%| F|  |TAMS 0x00000000c5f00000| PB 0x00000000c5f00000| Untracked 
|  42|0x00000000c6000000, 0x00000000c6000000, 0x00000000c6100000|  0%| F|  |TAMS 0x00000000c6000000| PB 0x00000000c6000000| Untracked 
|  43|0x00000000c6100000, 0x00000000c6100000, 0x00000000c6200000|  0%| F|  |TAMS 0x00000000c6100000| PB 0x00000000c6100000| Untracked 
|  44|0x00000000c6200000, 0x00000000c6200000, 0x00000000c6300000|  0%| F|  |TAMS 0x00000000c6200000| PB 0x00000000c6200000| Untracked 
|  45|0x00000000c6300000, 0x00000000c6300000, 0x00000000c6400000|  0%| F|  |TAMS 0x00000000c6300000| PB 0x00000000c6300000| Untracked 
|  46|0x00000000c6400000, 0x00000000c6400000, 0x00000000c6500000|  0%| F|  |TAMS 0x00000000c6400000| PB 0x00000000c6400000| Untracked 
|  47|0x00000000c6500000, 0x00000000c6500000, 0x00000000c6600000|  0%| F|  |TAMS 0x00000000c6500000| PB 0x00000000c6500000| Untracked 
|  48|0x00000000c6600000, 0x00000000c6600000, 0x00000000c6700000|  0%| F|  |TAMS 0x00000000c6600000| PB 0x00000000c6600000| Untracked 
|  49|0x00000000c6700000, 0x00000000c6800000, 0x00000000c6800000|100%| E|CS|TAMS 0x00000000c6700000| PB 0x00000000c6700000| Complete 
|  50|0x00000000c6800000, 0x00000000c6900000, 0x00000000c6900000|100%| E|CS|TAMS 0x00000000c6800000| PB 0x00000000c6800000| Complete 
|  51|0x00000000c6900000, 0x00000000c6a00000, 0x00000000c6a00000|100%| E|  |TAMS 0x00000000c6900000| PB 0x00000000c6900000| Complete 
|  52|0x00000000c6a00000, 0x00000000c6b00000, 0x00000000c6b00000|100%| E|CS|TAMS 0x00000000c6a00000| PB 0x00000000c6a00000| Complete 
|  53|0x00000000c6b00000, 0x00000000c6c00000, 0x00000000c6c00000|100%| E|CS|TAMS 0x00000000c6b00000| PB 0x00000000c6b00000| Complete 
|  54|0x00000000c6c00000, 0x00000000c6d00000, 0x00000000c6d00000|100%| E|CS|TAMS 0x00000000c6c00000| PB 0x00000000c6c00000| Complete 
|  55|0x00000000c6d00000, 0x00000000c6e00000, 0x00000000c6e00000|100%| E|CS|TAMS 0x00000000c6d00000| PB 0x00000000c6d00000| Complete 
|  56|0x00000000c6e00000, 0x00000000c6f00000, 0x00000000c6f00000|100%| E|CS|TAMS 0x00000000c6e00000| PB 0x00000000c6e00000| Complete 
|  57|0x00000000c6f00000, 0x00000000c7000000, 0x00000000c7000000|100%| E|CS|TAMS 0x00000000c6f00000| PB 0x00000000c6f00000| Complete 
|  58|0x00000000c7000000, 0x00000000c7100000, 0x00000000c7100000|100%| E|CS|TAMS 0x00000000c7000000| PB 0x00000000c7000000| Complete 
|  59|0x00000000c7100000, 0x00000000c7200000, 0x00000000c7200000|100%| E|CS|TAMS 0x00000000c7100000| PB 0x00000000c7100000| Complete 
|  60|0x00000000c7200000, 0x00000000c7300000, 0x00000000c7300000|100%| E|CS|TAMS 0x00000000c7200000| PB 0x00000000c7200000| Complete 
|  61|0x00000000c7300000, 0x00000000c7400000, 0x00000000c7400000|100%| E|CS|TAMS 0x00000000c7300000| PB 0x00000000c7300000| Complete 

Card table byte_map: [0x000002374be40000,0x000002374c030000] _byte_map_base: 0x000002374b825000

Marking Bits: (CMBitMap*) 0x0000023734bd8450
 Bits: [0x000002374c220000, 0x000002374d148000)

Polling page: 0x0000023732ad0000

Metaspace:

Usage:
  Non-class:      8.21 MB used.
      Class:      1.04 MB used.
       Both:      9.24 MB used.

Virtual space:
  Non-class space:       64.00 MB reserved,       8.38 MB ( 13%) committed,  1 nodes.
      Class space:        1.00 GB reserved,       1.19 MB ( <1%) committed,  1 nodes.
             Both:        1.06 GB reserved,       9.56 MB ( <1%) committed. 

Chunk freelists:
   Non-Class:  2.80 MB
       Class:  2.73 MB
        Both:  5.53 MB

MaxMetaspaceSize: unlimited
CompressedClassSpaceSize: 1.00 GB
Initial GC threshold: 21.00 MB
Current GC threshold: 21.00 MB
CDS: on
MetaspaceReclaimPolicy: balanced
 - commit_granule_bytes: 65536.
 - commit_granule_words: 8192.
 - virtual_space_node_default_size: 8388608.
 - enlarge_chunks_in_place: 1.
 - new_chunks_are_fully_committed: 0.
 - uncommit_free_chunks: 1.
 - use_allocation_guard: 0.


Internal statistics:

num_allocs_failed_limit: 0.
num_arena_births: 174.
num_arena_deaths: 0.
num_vsnodes_births: 2.
num_vsnodes_deaths: 0.
num_space_committed: 153.
num_space_uncommitted: 0.
num_chunks_returned_to_freelist: 0.
num_chunks_taken_from_freelist: 266.
num_chunk_merges: 0.
num_chunk_splits: 158.
num_chunks_enlarged: 70.
num_inconsistent_stats: 0.

CodeHeap 'non-profiled nmethods': size=120000Kb used=331Kb max_used=331Kb free=119668Kb
 bounds [0x0000023744720000, 0x0000023744990000, 0x000002374bc50000]
CodeHeap 'profiled nmethods': size=120000Kb used=1867Kb max_used=1867Kb free=118132Kb
 bounds [0x000002373cc50000, 0x000002373cec0000, 0x0000023744180000]
CodeHeap 'non-nmethods': size=5760Kb used=1770Kb max_used=1785Kb free=3989Kb
 bounds [0x0000023744180000, 0x00000237443f0000, 0x0000023744720000]
 total_blobs=1838 nmethods=1208 adapters=541
 compilation: enabled
              stopped_count=0, restarted_count=0
 full_count=0

Compilation events (20 events):
Event: 2.974 Thread 0x000002374f5d18f0 nmethod 1140 0x000002373cdf5510 code [0x000002373cdf56a0, 0x000002373cdf5808]
Event: 2.974 Thread 0x000002374f5d18f0 1139       3       java.beans.PropertyChangeEvent::<init> (22 bytes)
Event: 2.975 Thread 0x000002374f5d18f0 nmethod 1139 0x000002373cdf5890 code [0x000002373cdf5a40, 0x000002373cdf5e88]
Event: 2.975 Thread 0x000002374f5d18f0 1143       1       java.awt.Component::setAutoFocusTransferOnDisposal (6 bytes)
Event: 2.975 Thread 0x000002374f5d18f0 nmethod 1143 0x000002374476e110 code [0x000002374476e280, 0x000002374476e350]
Event: 2.975 Thread 0x000002374f5d18f0 1144       3       java.awt.geom.AffineTransform::getScaleInstance (19 bytes)
Event: 2.975 Thread 0x000002374f5d18f0 nmethod 1144 0x000002373cdf6010 code [0x000002373cdf61c0, 0x000002373cdf63b0]
Event: 2.975 Thread 0x000002374f5d18f0 1145       3       java.awt.geom.AffineTransform::setToScale (66 bytes)
Event: 2.975 Thread 0x000002374f5d18f0 nmethod 1145 0x000002373cdf6490 code [0x000002373cdf6640, 0x000002373cdf68b0]
Event: 2.980 Thread 0x000002374f5d18f0 1146       3       java.lang.StringBuilder::<init> (6 bytes)
Event: 2.980 Thread 0x000002374f5d18f0 nmethod 1146 0x000002373cdf6990 code [0x000002373cdf6b20, 0x000002373cdf6c58]
Event: 2.981 Thread 0x000002374f5d18f0 1147       3       java.lang.invoke.DirectMethodHandle::make (275 bytes)
Event: 2.982 Thread 0x000002374f5d18f0 nmethod 1147 0x000002373cdf6d10 code [0x000002373cdf7080, 0x000002373cdf83b8]
Event: 2.982 Thread 0x000002374f5d18f0 1149       3       java.lang.invoke.MethodType$ConcurrentWeakInternSet::add (66 bytes)
Event: 2.982 Thread 0x000002374f5d18f0 nmethod 1149 0x000002373cdf8b90 code [0x000002373cdf8de0, 0x000002373cdf9a18]
Event: 2.982 Thread 0x000002374f5d18f0 1148       3       java.lang.invoke.MemberName::isField (8 bytes)
Event: 2.982 Thread 0x000002374f5d18f0 nmethod 1148 0x000002373cdf9e10 code [0x000002373cdf9fa0, 0x000002373cdfa178]
Event: 2.982 Thread 0x000002374f5d18f0 1150       3       java.lang.invoke.MethodType$ConcurrentWeakInternSet$WeakEntry::<init> (15 bytes)
Event: 2.982 Thread 0x000002374f5d18f0 nmethod 1150 0x000002373cdfa210 code [0x000002373cdfa3c0, 0x000002373cdfa7c8]
Event: 2.983 Thread 0x000002374f5d18f0 1151       3       javax.swing.UIDefaults$TextAndMnemonicHashMap::get (358 bytes)

GC Heap History (0 events):
No events

Dll operation events (11 events):
Event: 0.006 Loaded shared library C:\Program Files\Java\jdk-20\bin\java.dll
Event: 0.014 Loaded shared library C:\Program Files\Java\jdk-20\bin\jsvml.dll
Event: 0.047 Loaded shared library C:\Program Files\Java\jdk-20\bin\net.dll
Event: 0.048 Loaded shared library C:\Program Files\Java\jdk-20\bin\nio.dll
Event: 0.050 Loaded shared library C:\Program Files\Java\jdk-20\bin\zip.dll
Event: 0.052 Loaded shared library C:\Program Files\Java\jdk-20\bin\verify.dll
Event: 0.067 Loaded shared library C:\Program Files\Java\jdk-20\bin\jimage.dll
Event: 0.083 Loaded shared library C:\Program Files\Java\jdk-20\bin\awt.dll
Event: 0.176 Loaded shared library C:\Program Files\Java\jdk-20\bin\freetype.dll
Event: 0.176 Loaded shared library C:\Program Files\Java\jdk-20\bin\fontmanager.dll
Event: 1.843 Loaded shared library C:\Program Files\Java\jdk-20\bin\extnet.dll

Deoptimization events (20 events):
Event: 1.892 Thread 0x0000023734b960c0 Uncommon trap: trap_request=0xffffffde fr.pc=0x00000237447620ac relative=0x0000000000000a2c
Event: 1.892 Thread 0x0000023734b960c0 Uncommon trap: reason=class_check action=maybe_recompile pc=0x00000237447620ac method=java.util.HashMap.putVal(ILjava/lang/Object;Ljava/lang/Object;ZZ)Ljava/lang/Object; @ 91 c2
Event: 1.892 Thread 0x0000023734b960c0 DEOPT PACKING pc=0x00000237447620ac sp=0x000000de910fe4c0
Event: 1.892 Thread 0x0000023734b960c0 DEOPT UNPACKING pc=0x000002374419d2a2 sp=0x000000de910fe460 mode 2
Event: 1.903 Thread 0x0000023734b960c0 Uncommon trap: trap_request=0xffffffde fr.pc=0x000002374475f7b0 relative=0x0000000000000290
Event: 1.903 Thread 0x0000023734b960c0 Uncommon trap: reason=class_check action=maybe_recompile pc=0x000002374475f7b0 method=java.util.HashMap.getNode(Ljava/lang/Object;)Ljava/util/HashMap$Node; @ 128 c2
Event: 1.903 Thread 0x0000023734b960c0 DEOPT PACKING pc=0x000002374475f7b0 sp=0x000000de910fe0e0
Event: 1.903 Thread 0x0000023734b960c0 DEOPT UNPACKING pc=0x000002374419d2a2 sp=0x000000de910fe048 mode 2
Event: 2.965 Thread 0x00000237546a5be0 Uncommon trap: trap_request=0xffffffde fr.pc=0x00000237447403a4 relative=0x00000000000001a4
Event: 2.965 Thread 0x00000237546a5be0 Uncommon trap: reason=class_check action=maybe_recompile pc=0x00000237447403a4 method=java.lang.String.equals(Ljava/lang/Object;)Z @ 8 c2
Event: 2.965 Thread 0x00000237546a5be0 DEOPT PACKING pc=0x00000237447403a4 sp=0x000000de926fdb70
Event: 2.965 Thread 0x00000237546a5be0 DEOPT UNPACKING pc=0x000002374419d2a2 sp=0x000000de926fdaf8 mode 2
Event: 2.965 Thread 0x00000237546a5be0 Uncommon trap: trap_request=0xffffffde fr.pc=0x00000237447403a4 relative=0x00000000000001a4
Event: 2.965 Thread 0x00000237546a5be0 Uncommon trap: reason=class_check action=maybe_recompile pc=0x00000237447403a4 method=java.lang.String.equals(Ljava/lang/Object;)Z @ 8 c2
Event: 2.965 Thread 0x00000237546a5be0 DEOPT PACKING pc=0x00000237447403a4 sp=0x000000de926fdae0
Event: 2.965 Thread 0x00000237546a5be0 DEOPT UNPACKING pc=0x000002374419d2a2 sp=0x000000de926fda78 mode 2
Event: 2.965 Thread 0x00000237546a5be0 Uncommon trap: trap_request=0xffffffde fr.pc=0x00000237447403a4 relative=0x00000000000001a4
Event: 2.965 Thread 0x00000237546a5be0 Uncommon trap: reason=class_check action=maybe_recompile pc=0x00000237447403a4 method=java.lang.String.equals(Ljava/lang/Object;)Z @ 8 c2
Event: 2.965 Thread 0x00000237546a5be0 DEOPT PACKING pc=0x00000237447403a4 sp=0x000000de926fda50
Event: 2.965 Thread 0x00000237546a5be0 DEOPT UNPACKING pc=0x000002374419d2a2 sp=0x000000de926fd9e8 mode 2

Classes loaded (20 events):
Event: 2.987 Loading class javax/swing/text/DefaultEditorKit$ReadOnlyAction done
Event: 2.987 Loading class javax/swing/text/DefaultEditorKit$DeleteWordAction
Event: 2.987 Loading class javax/swing/text/DefaultEditorKit$DeleteWordAction done
Event: 2.987 Loading class javax/swing/text/DefaultEditorKit$WritableAction
Event: 2.987 Loading class javax/swing/text/DefaultEditorKit$WritableAction done
Event: 2.987 Loading class javax/swing/text/DefaultEditorKit$CutAction
Event: 2.987 Loading class javax/swing/text/DefaultEditorKit$CutAction done
Event: 2.987 Loading class javax/swing/text/DefaultEditorKit$CopyAction
Event: 2.987 Loading class javax/swing/text/DefaultEditorKit$CopyAction done
Event: 2.987 Loading class javax/swing/text/DefaultEditorKit$PasteAction
Event: 2.987 Loading class javax/swing/text/DefaultEditorKit$PasteAction done
Event: 2.987 Loading class javax/swing/text/DefaultEditorKit$VerticalPageAction
Event: 2.987 Loading class javax/swing/text/DefaultEditorKit$VerticalPageAction done
Event: 2.987 Loading class javax/swing/text/DefaultEditorKit$PageAction
Event: 2.987 Loading class javax/swing/text/DefaultEditorKit$PageAction done
Event: 2.987 Loading class javax/swing/text/DefaultEditorKit$InsertBreakAction
Event: 2.987 Loading class javax/swing/text/DefaultEditorKit$InsertBreakAction done
Event: 2.987 Loading class javax/swing/text/DefaultEditorKit$BeepAction
Event: 2.987 Loading class javax/swing/text/DefaultEditorKit$BeepAction done
Event: 2.988 Loading class javax/swing/text/DefaultEditorKit$NextVisualPositionAction

Classes unloaded (0 events):
No events

Classes redefined (0 events):
No events

Internal exceptions (14 events):
Event: 0.076 Thread 0x0000023734b960c0 Exception <a 'java/lang/ClassNotFoundException'{0x00000000c71057b8}: sun/awt/resources/spi/awtProvider> (0x00000000c71057b8) 
thrown [s\open\src\hotspot\share\classfile\systemDictionary.cpp, line 305]
Event: 0.090 Thread 0x0000023734b960c0 Exception <a 'java/io/FileNotFoundException'{0x00000000c7160b08}> (0x00000000c7160b08) 
thrown [s\open\src\hotspot\share\prims\jni.cpp, line 519]
Event: 0.093 Thread 0x0000023734b960c0 Exception <a 'java/io/FileNotFoundException'{0x00000000c718af40}> (0x00000000c718af40) 
thrown [s\open\src\hotspot\share\prims\jni.cpp, line 519]
Event: 0.130 Thread 0x0000023734b960c0 Exception <a 'java/lang/NoSuchMethodError'{0x00000000c708f778}: 'void java.lang.invoke.DirectMethodHandle$Holder.invokeSpecial(java.lang.Object, java.lang.Object, java.lang.Object)'> (0x00000000c708f778) 
thrown [s\open\src\hotspot\share\interpreter\linkResolver.cpp, line 773]
Event: 0.135 Thread 0x0000023734b960c0 Exception <a 'java/lang/NoSuchMethodError'{0x00000000c70b9d08}: 'java.lang.Object java.lang.invoke.DirectMethodHandle$Holder.newInvokeSpecial(java.lang.Object, java.lang.Object, java.lang.Object, java.lang.Object, java.lang.Object)'> (0x00000000c70b9d08) 
thrown [s\open\src\hotspot\share\interpreter\linkResolver.cpp, line 773]
Event: 0.138 Thread 0x0000023734b960c0 Exception <a 'java/lang/NoSuchMethodError'{0x00000000c70ea7f8}: 'java.lang.Object java.lang.invoke.DirectMethodHandle$Holder.invokeStatic(java.lang.Object, int, java.lang.Object)'> (0x00000000c70ea7f8) 
thrown [s\open\src\hotspot\share\interpreter\linkResolver.cpp, line 773]
Event: 0.157 Thread 0x0000023734b960c0 Exception <a 'java/lang/ClassNotFoundException'{0x00000000c6fa84e0}: com/sun/swing/internal/plaf/metal/resources/spi/metalProvider> (0x00000000c6fa84e0) 
thrown [s\open\src\hotspot\share\classfile\systemDictionary.cpp, line 305]
Event: 0.157 Thread 0x0000023734b960c0 Exception <a 'java/lang/ClassNotFoundException'{0x00000000c6fac240}: com/sun/swing/internal/plaf/basic/resources/spi/basicProvider> (0x00000000c6fac240) 
thrown [s\open\src\hotspot\share\classfile\systemDictionary.cpp, line 305]
Event: 0.165 Thread 0x0000023753b58d30 Exception <a 'java/lang/NoSuchMethodError'{0x00000000c6e0c790}: 'java.lang.Object java.lang.invoke.DirectMethodHandle$Holder.newInvokeSpecial(java.lang.Object, java.lang.Object, java.lang.Object, int, int, int, int, int)'> (0x00000000c6e0c790) 
thrown [s\open\src\hotspot\share\interpreter\linkResolver.cpp, line 773]
Event: 0.174 Thread 0x0000023734b960c0 Exception <a 'java/lang/NoSuchMethodError'{0x00000000c6fdd818}: 'int java.lang.invoke.Invokers$Holder.invokeExact_MT(java.lang.Object, java.lang.Object)'> (0x00000000c6fdd818) 
thrown [s\open\src\hotspot\share\interpreter\linkResolver.cpp, line 773]
Event: 0.207 Thread 0x0000023753b291f0 Exception <a 'java/lang/NoSuchMethodError'{0x00000000c70524a8}: 'void java.lang.invoke.DirectMethodHandle$Holder.invokeVirtual(java.lang.Object, java.lang.Object)'> (0x00000000c70524a8) 
thrown [s\open\src\hotspot\share\interpreter\linkResolver.cpp, line 773]
Event: 0.217 Thread 0x0000023734b960c0 Exception <a 'java/lang/NoSuchMethodError'{0x00000000c6ee3b78}: 'void java.lang.invoke.DirectMethodHandle$Holder.invokeStaticInit(java.lang.Object)'> (0x00000000c6ee3b78) 
thrown [s\open\src\hotspot\share\interpreter\linkResolver.cpp, line 773]
Event: 0.226 Thread 0x0000023734b960c0 Exception <a 'java/lang/NoSuchMethodError'{0x00000000c6d16598}: 'void java.lang.invoke.DirectMethodHandle$Holder.invokeStatic(java.lang.Object, java.lang.Object)'> (0x00000000c6d16598) 
thrown [s\open\src\hotspot\share\interpreter\linkResolver.cpp, line 773]
Event: 0.248 Thread 0x0000023734b960c0 Exception <a 'java/lang/NoSuchMethodError'{0x00000000c6d2da80}: 'int java.lang.invoke.DirectMethodHandle$Holder.invokeStatic(java.lang.Object)'> (0x00000000c6d2da80) 
thrown [s\open\src\hotspot\share\interpreter\linkResolver.cpp, line 773]

VM Operations (16 events):
Event: 0.058 Executing VM operation: HandshakeAllThreads
Event: 0.058 Executing VM operation: HandshakeAllThreads done
Event: 0.171 Executing VM operation: HandshakeAllThreads
Event: 0.171 Executing VM operation: HandshakeAllThreads done
Event: 1.171 Executing VM operation: Cleanup
Event: 1.171 Executing VM operation: Cleanup done
Event: 1.804 Executing VM operation: HandshakeAllThreads
Event: 1.804 Executing VM operation: HandshakeAllThreads done
Event: 1.819 Executing VM operation: HandshakeAllThreads
Event: 1.819 Executing VM operation: HandshakeAllThreads done
Event: 1.837 Executing VM operation: HandshakeAllThreads
Event: 1.837 Executing VM operation: HandshakeAllThreads done
Event: 1.873 Executing VM operation: HandshakeAllThreads
Event: 1.873 Executing VM operation: HandshakeAllThreads done
Event: 2.885 Executing VM operation: Cleanup
Event: 2.886 Executing VM operation: Cleanup done

Events (17 events):
Event: 0.014 Thread 0x0000023734b960c0 Thread added: 0x0000023734b960c0
Event: 0.024 Thread 0x000002374f5bf470 Thread added: 0x000002374f5bf470
Event: 0.024 Thread 0x000002374f5c00e0 Thread added: 0x000002374f5c00e0
Event: 0.024 Thread 0x000002374f5c7b30 Thread added: 0x000002374f5c7b30
Event: 0.024 Thread 0x000002374f5c8760 Thread added: 0x000002374f5c8760
Event: 0.024 Thread 0x000002374f5cd6c0 Thread added: 0x000002374f5cd6c0
Event: 0.024 Thread 0x000002374f5cf010 Thread added: 0x000002374f5cf010
Event: 0.024 Thread 0x000002374f5d0f70 Thread added: 0x000002374f5d0f70
Event: 0.024 Thread 0x000002374f5d18f0 Thread added: 0x000002374f5d18f0
Event: 0.042 Thread 0x0000023753891bc0 Thread added: 0x0000023753891bc0
Event: 0.044 Thread 0x000002375389c9b0 Thread added: 0x000002375389c9b0
Event: 0.117 Thread 0x0000023753ae62f0 Thread added: 0x0000023753ae62f0
Event: 0.118 Thread 0x0000023753ae6840 Thread added: 0x0000023753ae6840
Event: 0.119 Thread 0x0000023753b291f0 Thread added: 0x0000023753b291f0
Event: 0.164 Thread 0x0000023753b58d30 Thread added: 0x0000023753b58d30
Event: 0.199 Thread 0x00000237546a5be0 Thread added: 0x00000237546a5be0
Event: 2.977 Thread 0x00000237547b6da0 Thread added: 0x00000237547b6da0


Dynamic libraries:
0x00007ff6fa730000 - 0x00007ff6fa740000 	C:\Program Files\Java\jdk-20\bin\javaw.exe
0x00007ffd58d90000 - 0x00007ffd58fa4000 	C:\Windows\SYSTEM32\ntdll.dll
0x00007ffd579f0000 - 0x00007ffd57ab4000 	C:\Windows\System32\KERNEL32.DLL
0x00007ffd564a0000 - 0x00007ffd56844000 	C:\Windows\System32\KERNELBASE.dll
0x00007ffd56a30000 - 0x00007ffd56b41000 	C:\Windows\System32\ucrtbase.dll
0x00007ffd448d0000 - 0x00007ffd448e9000 	C:\Program Files\Java\jdk-20\bin\jli.dll
0x00007ffd58770000 - 0x00007ffd58820000 	C:\Windows\System32\ADVAPI32.dll
0x00007ffd58ca0000 - 0x00007ffd58d47000 	C:\Windows\System32\msvcrt.dll
0x00007ffd44980000 - 0x00007ffd4499b000 	C:\Program Files\Java\jdk-20\bin\VCRUNTIME140.dll
0x00007ffd56c70000 - 0x00007ffd56d16000 	C:\Windows\System32\sechost.dll
0x00007ffd588d0000 - 0x00007ffd589e7000 	C:\Windows\System32\RPCRT4.dll
0x00007ffd58510000 - 0x00007ffd586ba000 	C:\Windows\System32\USER32.dll
0x00007ffd56300000 - 0x00007ffd56326000 	C:\Windows\System32\win32u.dll
0x00007ffd586c0000 - 0x00007ffd586e9000 	C:\Windows\System32\GDI32.dll
0x00007ffd56910000 - 0x00007ffd56a29000 	C:\Windows\System32\gdi32full.dll
0x00007ffd56260000 - 0x00007ffd562fa000 	C:\Windows\System32\msvcp_win.dll
0x00007ffd494e0000 - 0x00007ffd4976f000 	C:\Windows\WinSxS\amd64_microsoft.windows.common-controls_6595b64144ccf1df_6.0.22621.2070_none_2713e6537381f706\COMCTL32.dll
0x00007ffd50010000 - 0x00007ffd5001a000 	C:\Windows\SYSTEM32\VERSION.dll
0x00007ffd56b50000 - 0x00007ffd56b81000 	C:\Windows\System32\IMM32.DLL
0x00007ffd4afe0000 - 0x00007ffd4afec000 	C:\Program Files\Java\jdk-20\bin\vcruntime140_1.dll
0x00007ffd2afa0000 - 0x00007ffd2b02e000 	C:\Program Files\Java\jdk-20\bin\msvcp140.dll
0x00007ffd1dd00000 - 0x00007ffd1e997000 	C:\Program Files\Java\jdk-20\bin\server\jvm.dll
0x00007ffd3ceb0000 - 0x00007ffd3ceb9000 	C:\Windows\SYSTEM32\WSOCK32.dll
0x00007ffd586f0000 - 0x00007ffd58761000 	C:\Windows\System32\WS2_32.dll
0x00007ffd4e840000 - 0x00007ffd4e874000 	C:\Windows\SYSTEM32\WINMM.dll
0x00007ffd551b0000 - 0x00007ffd551c8000 	C:\Windows\SYSTEM32\kernel.appcore.dll
0x00007ffd44970000 - 0x00007ffd4497a000 	C:\Program Files\Java\jdk-20\bin\jimage.dll
0x00007ffd53c10000 - 0x00007ffd53e3e000 	C:\Windows\SYSTEM32\DBGHELP.DLL
0x00007ffd57490000 - 0x00007ffd5781a000 	C:\Windows\System32\combase.dll
0x00007ffd56b90000 - 0x00007ffd56c67000 	C:\Windows\System32\OLEAUT32.dll
0x00007ffd3e890000 - 0x00007ffd3e8c2000 	C:\Windows\SYSTEM32\dbgcore.DLL
0x00007ffd561e0000 - 0x00007ffd5625a000 	C:\Windows\System32\bcryptPrimitives.dll
0x00007ffd44550000 - 0x00007ffd44576000 	C:\Program Files\Java\jdk-20\bin\java.dll
0x00007ffd2add0000 - 0x00007ffd2aea7000 	C:\Program Files\Java\jdk-20\bin\jsvml.dll
0x00007ffd57cd0000 - 0x00007ffd584e6000 	C:\Windows\System32\SHELL32.dll
0x00007ffd54140000 - 0x00007ffd54a2a000 	C:\Windows\SYSTEM32\windows.storage.dll
0x00007ffd54000000 - 0x00007ffd5413e000 	C:\Windows\SYSTEM32\wintypes.dll
0x00007ffd56e90000 - 0x00007ffd56f83000 	C:\Windows\System32\SHCORE.dll
0x00007ffd56f90000 - 0x00007ffd56fee000 	C:\Windows\System32\shlwapi.dll
0x00007ffd560a0000 - 0x00007ffd560c6000 	C:\Windows\SYSTEM32\profapi.dll
0x00007ffd448b0000 - 0x00007ffd448c3000 	C:\Program Files\Java\jdk-20\bin\net.dll
0x00007ffd509d0000 - 0x00007ffd50b07000 	C:\Windows\SYSTEM32\WINHTTP.dll
0x00007ffd556a0000 - 0x00007ffd55709000 	C:\Windows\system32\mswsock.dll
0x00007ffd44680000 - 0x00007ffd44696000 	C:\Program Files\Java\jdk-20\bin\nio.dll
0x00007ffd44530000 - 0x00007ffd44548000 	C:\Program Files\Java\jdk-20\bin\zip.dll
0x00007ffd4c540000 - 0x00007ffd4c550000 	C:\Program Files\Java\jdk-20\bin\verify.dll
0x00007ffd1d4a0000 - 0x00007ffd1d631000 	C:\Program Files\Java\jdk-20\bin\awt.dll
0x00007ffd52ba0000 - 0x00007ffd52c37000 	C:\Windows\SYSTEM32\apphelp.dll
0x00007ffd53260000 - 0x00007ffd5330b000 	C:\Windows\system32\uxtheme.dll
0x00007ffd58a80000 - 0x00007ffd58ba7000 	C:\Windows\System32\MSCTF.dll
0x00007ffd57b10000 - 0x00007ffd57cac000 	C:\Windows\System32\ole32.dll
0x00007ffd534a0000 - 0x00007ffd534cb000 	C:\Windows\system32\DWMAPI.DLL
0x00007ffd445b0000 - 0x00007ffd44636000 	C:\Program Files\Java\jdk-20\bin\freetype.dll
0x00007ffd24120000 - 0x00007ffd241e6000 	C:\Program Files\Java\jdk-20\bin\fontmanager.dll
0x00007ffd49b70000 - 0x00007ffd49c70000 	C:\Windows\system32\opengl32.dll
0x00007ffd4b2e0000 - 0x00007ffd4b30d000 	C:\Windows\SYSTEM32\GLU32.dll
0x00007ffd534e0000 - 0x00007ffd53518000 	C:\Windows\SYSTEM32\dxcore.dll
0x00007ffd4cb10000 - 0x00007ffd4cc3d000 	C:\Windows\SYSTEM32\textinputframework.dll
0x00007ffd52860000 - 0x00007ffd52993000 	C:\Windows\SYSTEM32\CoreMessaging.dll
0x00007ffd4f9a0000 - 0x00007ffd4fd0c000 	C:\Windows\SYSTEM32\CoreUIComponents.dll
0x00007ffd55990000 - 0x00007ffd5599c000 	C:\Windows\SYSTEM32\CRYPTBASE.DLL
0x00007ffd54d00000 - 0x00007ffd54df3000 	C:\Windows\SYSTEM32\DNSAPI.dll
0x00007ffd54cd0000 - 0x00007ffd54cfd000 	C:\Windows\SYSTEM32\IPHLPAPI.DLL
0x00007ffd579e0000 - 0x00007ffd579e9000 	C:\Windows\System32\NSI.dll
0x00007ffd4d7f0000 - 0x00007ffd4d7fa000 	C:\Windows\System32\rasadhlp.dll
0x00007ffd4d5c0000 - 0x00007ffd4d644000 	C:\Windows\System32\fwpuclnt.dll
0x00007ffd4c400000 - 0x00007ffd4c407000 	C:\Program Files\Java\jdk-20\bin\extnet.dll

dbghelp: loaded successfully - version: 4.0.5 - missing functions: none
symbol engine: initialized successfully - sym options: 0x614 - pdb path: .;C:\Program Files\Java\jdk-20\bin;C:\Windows\SYSTEM32;C:\Windows\WinSxS\amd64_microsoft.windows.common-controls_6595b64144ccf1df_6.0.22621.2070_none_2713e6537381f706;C:\Program Files\Java\jdk-20\bin\server

VM Arguments:
jvm_args: -Dfile.encoding=UTF-8 
java_command: main.Main
java_class_path (initial): C:\Program Files\Java\jdk-20\lib\jrt-fs.jar;C:\Users\renan\git\ubs\projeto_ubs\target\classes;C:\Users\renan\.m2\repository\com\sun\mail\javax.mail\1.6.2\javax.mail-1.6.2.jar;C:\Users\renan\.m2\repository\javax\activation\activation\1.1\activation-1.1.jar;C:\Users\renan\.m2\repository\org\postgresql\postgresql\9.4-1200-jdbc41\postgresql-9.4-1200-jdbc41.jar;C:\Users\renan\.m2\repository\com\github\dblock\waffle\waffle-jna\1.7\waffle-jna-1.7.jar;C:\Users\renan\.m2\repository\net\java\dev\jna\jna\4.1.0\jna-4.1.0.jar;C:\Users\renan\.m2\repository\net\java\dev\jna\jna-platform\4.1.0\jna-platform-4.1.0.jar;C:\Users\renan\.m2\repository\org\slf4j\slf4j-api\1.7.7\slf4j-api-1.7.7.jar;C:\Users\renan\.m2\repository\com\google\guava\guava\18.0\guava-18.0.jar;C:\Users\renan\.m2\repository\org\slf4j\slf4j-simple\1.7.7\slf4j-simple-1.7.7.jar
Launcher Type: SUN_STANDARD

[Global flags]
     intx CICompilerCount                          = 3                                         {product} {ergonomic}
     uint ConcGCThreads                            = 1                                         {product} {ergonomic}
     uint G1ConcRefinementThreads                  = 4                                         {product} {ergonomic}
   size_t G1HeapRegionSize                         = 1048576                                   {product} {ergonomic}
    uintx GCDrainStackTargetSize                   = 64                                        {product} {ergonomic}
   size_t InitialHeapSize                          = 65011712                                  {product} {ergonomic}
   size_t MarkStackSize                            = 4194304                                   {product} {ergonomic}
   size_t MaxHeapSize                              = 1017118720                                {product} {ergonomic}
   size_t MaxNewSize                               = 610271232                                 {product} {ergonomic}
   size_t MinHeapDeltaBytes                        = 1048576                                   {product} {ergonomic}
   size_t MinHeapSize                              = 8388608                                   {product} {ergonomic}
    uintx NonNMethodCodeHeapSize                   = 5832780                                {pd product} {ergonomic}
    uintx NonProfiledCodeHeapSize                  = 122912730                              {pd product} {ergonomic}
    uintx ProfiledCodeHeapSize                     = 122912730                              {pd product} {ergonomic}
    uintx ReservedCodeCacheSize                    = 251658240                              {pd product} {ergonomic}
     bool SegmentedCodeCache                       = true                                      {product} {ergonomic}
   size_t SoftMaxHeapSize                          = 1017118720                             {manageable} {ergonomic}
     bool UseCompressedClassPointers               = true                           {product lp64_product} {ergonomic}
     bool UseCompressedOops                        = true                           {product lp64_product} {ergonomic}
     bool UseG1GC                                  = true                                      {product} {ergonomic}
     bool UseLargePagesIndividualAllocation        = false                                  {pd product} {ergonomic}

Logging:
Log output configuration:
 #0: stdout all=warning uptime,level,tags foldmultilines=false
 #1: stderr all=off uptime,level,tags foldmultilines=false

Environment Variables:
PATH=C:\app\renan\product\21c\dbhomeXE\bin;C:\Program Files\Common Files\Oracle\Java\javapath;C:\Program Files (x86)\Common Files\Oracle\Java\javapath;C:\Windows\system32;C:\Windows;C:\Windows\System32\Wbem;C:\Windows\System32\WindowsPowerShell\v1.0\;C:\Windows\System32\OpenSSH\;C:\apache-tomcat-10.1.11-windows-x64\bin;C:\Users\renan\AppData\Local\Microsoft\WindowsApps;;C:\Users\renan\AppData\Local\Programs\Microsoft VS Code\bin
USERNAME=renan
OS=Windows_NT
PROCESSOR_IDENTIFIER=Intel64 Family 6 Model 140 Stepping 2, GenuineIntel
TMP=C:\Users\renan\AppData\Local\Temp
TEMP=C:\Users\renan\AppData\Local\Temp




---------------  S Y S T E M  ---------------

OS:
 Windows 11 , 64 bit Build 22621 (10.0.22621.2070)
OS uptime: 6 days 0:03 hours

CPU: total 4 (initial active 4) (2 cores per cpu, 2 threads per core) family 6 model 140 stepping 2 microcode 0x26, cx8, cmov, fxsr, ht, mmx, 3dnowpref, sse, sse2, sse3, ssse3, sse4.1, sse4.2, popcnt, lzcnt, tsc, tscinvbit, avx, avx2, aes, erms, clmul, bmi1, bmi2, adx, avx512f, avx512dq, avx512cd, avx512bw, avx512vl, sha, fma, vzeroupper, avx512_vpopcntdq, avx512_vpclmulqdq, avx512_vaes, avx512_vnni, clflush, clflushopt, clwb, avx512_vbmi2, avx512_vbmi, rdtscp, rdpid, fsrm, gfni, avx512_bitalg, f16c, pku, cet_ibt, cet_ss, avx512_ifma

Memory: 4k page, system-wide physical 3879M (268M free)
TotalPageFile size 15655M (AvailPageFile size 3M)
current process WorkingSet (physical memory assigned to process): 72M, peak: 72M
current process commit charge ("private bytes"): 151M, peak: 151M

vm_info: Java HotSpot(TM) 64-Bit Server VM (20.0.1+9-29) for windows-amd64 JRE (20.0.1+9-29), built on 2023-03-07T13:56:11Z by "mach5one" with MS VC++ 17.1 (VS2022)

END.
